Log file open, 05/31/23 22:47:10
LogWindows: Failed to load 'aqProf.dll' (GetLastError=126)
LogWindows: File 'aqProf.dll' does not exist
LogWindows: Failed to load 'VtuneApi.dll' (GetLastError=126)
LogWindows: File 'VtuneApi.dll' does not exist
LogWindows: Failed to load 'VtuneApi32e.dll' (GetLastError=126)
LogWindows: File 'VtuneApi32e.dll' does not exist
LogConsoleResponse: Display: Failed to find resolution value strings in scalability ini. Falling back to default.
LogInit: Display: Running engine for game: Portfolio
LogPlatformFile: Not using cached read wrapper
LogTaskGraph: Started task graph with 5 named threads and 47 total threads with 3 sets of task threads.
LogStats: Stats thread started at 0.056641
LogD3D11RHI: Loaded GFSDK_Aftermath_Lib.x64.dll
LogICUInternationalization: ICU TimeZone Detection - Raw Offset: -5:00, Platform Override: ''
LogPluginManager: Mounting plugin Paper2D
LogPluginManager: Mounting plugin AISupport
LogPluginManager: Mounting plugin LightPropagationVolume
LogPluginManager: Mounting plugin ActorLayerUtilities
LogPluginManager: Mounting plugin AnimationSharing
LogPluginManager: Mounting plugin CLionSourceCodeAccess
LogPluginManager: Mounting plugin CodeLiteSourceCodeAccess
LogPluginManager: Mounting plugin GitSourceControl
LogPluginManager: Mounting plugin KDevelopSourceCodeAccess
LogPluginManager: Mounting plugin NullSourceCodeAccess
LogPluginManager: Mounting plugin PerforceSourceControl
LogPluginManager: Mounting plugin SubversionSourceControl
LogPluginManager: Mounting plugin UObjectPlugin
LogPluginManager: Mounting plugin VisualStudioCodeSourceCodeAccess
LogPluginManager: Mounting plugin VisualStudioSourceCodeAccess
LogPluginManager: Mounting plugin XCodeSourceCodeAccess
LogPluginManager: Mounting plugin AssetManagerEditor
LogPluginManager: Mounting plugin CryptoKeys
LogPluginManager: Mounting plugin CurveEditorTools
LogPluginManager: Mounting plugin DataValidation
LogPluginManager: Mounting plugin FacialAnimation
LogPluginManager: Mounting plugin GameplayTagsEditor
LogPluginManager: Mounting plugin MacGraphicsSwitching
LogPluginManager: Mounting plugin MaterialAnalyzer
LogPluginManager: Mounting plugin MobileLauncherProfileWizard
LogPluginManager: Mounting plugin PluginBrowser
LogPluginManager: Mounting plugin SpeedTreeImporter
LogPluginManager: Mounting plugin DatasmithContent
LogPluginManager: Mounting plugin VariantManagerContent
LogPluginManager: Mounting plugin AlembicImporter
LogPluginManager: Mounting plugin AutomationUtils
LogPluginManager: Mounting plugin BackChannel
LogPluginManager: Mounting plugin CharacterAI
LogPluginManager: Mounting plugin GeometryCache
LogPluginManager: Mounting plugin HTML5Networking
LogPluginManager: Mounting plugin PlatformCrypto
LogPluginManager: Mounting plugin ProxyLODPlugin
LogPluginManager: Mounting plugin SkeletalReduction
LogPluginManager: Mounting plugin MagicLeap
LogPluginManager: Mounting plugin MagicLeapMedia
LogPluginManager: Mounting plugin AndroidMedia
LogPluginManager: Mounting plugin AvfMedia
LogPluginManager: Mounting plugin ImgMedia
LogPluginManager: Mounting plugin MediaCompositing
LogPluginManager: Mounting plugin MediaPlayerEditor
LogPluginManager: Mounting plugin WebMMedia
LogPluginManager: Mounting plugin WmfMedia
LogPluginManager: Mounting plugin TcpMessaging
LogPluginManager: Mounting plugin UdpMessaging
LogPluginManager: Mounting plugin ActorSequence
LogPluginManager: Mounting plugin LevelSequenceEditor
LogPluginManager: Mounting plugin MatineeToLevelSequence
LogPluginManager: Mounting plugin NetcodeUnitTest
LogPluginManager: Mounting plugin NUTUnrealEngine4
LogPluginManager: Mounting plugin OnlineSubsystemGooglePlay
LogPluginManager: Mounting plugin OnlineSubsystemIOS
LogPluginManager: Mounting plugin OnlineSubsystem
LogPluginManager: Mounting plugin OnlineSubsystemNull
LogPluginManager: Mounting plugin OnlineSubsystemUtils
LogPluginManager: Mounting plugin LauncherChunkInstaller
LogPluginManager: Mounting plugin AndroidDeviceProfileSelector
LogPluginManager: Mounting plugin AndroidMoviePlayer
LogPluginManager: Mounting plugin AndroidPermission
LogPluginManager: Mounting plugin AppleImageUtils
LogPluginManager: Mounting plugin AppleMoviePlayer
LogPluginManager: Mounting plugin ArchVisCharacter
LogPluginManager: Mounting plugin AudioCapture
LogPluginManager: Mounting plugin CableComponent
LogPluginManager: Mounting plugin CustomMeshComponent
LogPluginManager: Mounting plugin EditableMesh
LogPluginManager: Mounting plugin ExampleDeviceProfileSelector
LogPluginManager: Mounting plugin GoogleCloudMessaging
LogPluginManager: Mounting plugin IOSDeviceProfileSelector
LogPluginManager: Mounting plugin LinuxDeviceProfileSelector
LogPluginManager: Mounting plugin LocationServicesBPLibrary
LogPluginManager: Mounting plugin MobilePatchingUtils
LogPluginManager: Mounting plugin OculusVR
LogPluginManager: Mounting plugin PhysXVehicles
LogPluginManager: Mounting plugin ProceduralMeshComponent
LogPluginManager: Mounting plugin RuntimePhysXCooking
LogPluginManager: Mounting plugin SignificanceManager
LogPluginManager: Mounting plugin SteamVR
LogPluginManager: Mounting plugin WebMMoviePlayer
LogPluginManager: Mounting plugin WindowsMoviePlayer
LogPluginManager: Mounting plugin ScreenshotTools
LogInit: Using libcurl 7.55.1-DEV
LogInit:  - built for x86_64-pc-win32
LogInit:  - supports SSL with OpenSSL/1.1.1
LogInit:  - supports HTTP deflate (compression) using libz 1.2.8
LogInit:  - other features:
LogInit:      CURL_VERSION_SSL
LogInit:      CURL_VERSION_LIBZ
LogInit:      CURL_VERSION_IPV6
LogInit:      CURL_VERSION_ASYNCHDNS
LogInit:      CURL_VERSION_LARGEFILE
LogInit:      CURL_VERSION_IDN
LogInit:  CurlRequestOptions (configurable via config and command line):
LogInit:  - bVerifyPeer = true  - Libcurl will verify peer certificate
LogInit:  - bUseHttpProxy = false  - Libcurl will NOT use HTTP proxy
LogInit:  - bDontReuseConnections = false  - Libcurl will reuse connections
LogInit:  - MaxHostConnections = 16  - Libcurl will limit the number of connections to a host
LogInit:  - LocalHostAddr = Default
LogInit:  - BufferSize = 65536
LogOnline: OSS: Creating online subsystem instance for: NULL
LogInit: WinSock: version 1.1 (2.2), MaxSocks=32767, MaxUdp=65467
LogHMD: Failed initializing OVRPlugin 1.37.0
LogInit: Build: ++UE4+Release-4.23-CL-9631420
LogInit: Engine Version: 4.23.1-9631420+++UE4+Release-4.23
LogInit: Compatible Engine Version: 4.23.0-8386587+++UE4+Release-4.23
LogInit: Net CL: 8386587
LogInit: OS: Windows 10 (Release 2009) (), CPU: AMD Ryzen 9 5900HX with Radeon Graphics        , GPU: AMD Radeon RX 6800M
LogInit: Compiled (64-bit): Oct 18 2019 02:07:44
LogInit: Compiled with Visual C++: 19.16.27030.01
LogInit: Build Configuration: Development
LogInit: Branch Name: ++UE4+Release-4.23
LogInit: Command Line: 
LogInit: Base Directory: D:/Unreal/UE_4.23/Engine/Binaries/Win64/
LogInit: Installed Engine Build: 1
LogDevObjectVersion: Number of dev versions registered: 23
LogDevObjectVersion:   Dev-Blueprints (B0D832E4-1F89-4F0D-ACCF-7EB736FD4AA2): 10
LogDevObjectVersion:   Dev-Build (E1C64328-A22C-4D53-A36C-8E866417BD8C): 0
LogDevObjectVersion:   Dev-Core (375EC13C-06E4-48FB-B500-84F0262A717E): 3
LogDevObjectVersion:   Dev-Editor (E4B068ED-F494-42E9-A231-DA0B2E46BB41): 34
LogDevObjectVersion:   Dev-Framework (CFFC743F-43B0-4480-9391-14DF171D2073): 35
LogDevObjectVersion:   Dev-Mobile (B02B49B5-BB20-44E9-A304-32B752E40360): 2
LogDevObjectVersion:   Dev-Networking (A4E4105C-59A1-49B5-A7C5-40C4547EDFEE): 0
LogDevObjectVersion:   Dev-Online (39C831C9-5AE6-47DC-9A44-9C173E1C8E7C): 0
LogDevObjectVersion:   Dev-Physics (78F01B33-EBEA-4F98-B9B4-84EACCB95AA2): 0
LogDevObjectVersion:   Dev-Platform (6631380F-2D4D-43E0-8009-CF276956A95A): 0
LogDevObjectVersion:   Dev-Rendering (12F88B9F-8875-4AFC-A67C-D90C383ABD29): 31
LogDevObjectVersion:   Dev-Sequencer (7B5AE74C-D270-4C10-A958-57980B212A5A): 11
LogDevObjectVersion:   Dev-VR (D7296918-1DD6-4BDD-9DE2-64A83CC13884): 2
LogDevObjectVersion:   Dev-LoadTimes (C2A15278-BFE7-4AFE-6C17-90FF531DF755): 1
LogDevObjectVersion:   Private-Geometry (6EACA3D4-40EC-4CC1-B786-8BED09428FC5): 3
LogDevObjectVersion:   Dev-AnimPhys (29E575DD-E0A3-4627-9D10-D276232CDCEA): 17
LogDevObjectVersion:   Dev-Anim (AF43A65D-7FD3-4947-9873-3E8ED9C1BB05): 2
LogDevObjectVersion:   Dev-ReflectionCapture (6B266CEC-1EC7-4B8F-A30B-E4D90942FC07): 1
LogDevObjectVersion:   Dev-Automation (0DF73D61-A23F-47EA-B727-89E90C41499A): 1
LogDevObjectVersion:   FortniteMain (601D1886-AC64-4F84-AA16-D3DE0DEAC7D6): 27
LogDevObjectVersion:   Dev-Enterprise (9DFFBCD6-494F-0158-E221-12823C92A888): 6
LogDevObjectVersion:   Dev-Niagara (F2AED0AC-9AFE-416F-8664-AA7FFA26D6FC): 1
LogDevObjectVersion:   Dev-Destruction (174F1F0B-B4C6-45A5-B13F-2EE8D0FB917D): 9
LogInit: Presizing for max 16777216 objects, including 0 objects not considered by GC, pre-allocating 0 bytes for permanent pool.
LogInit: Object subsystem initialized
LogConfig: Setting CVar [[con.DebugEarlyDefault:1]]
LogConfig: Setting CVar [[r.setres:1280x720]]
[2023.06.01-02.47.11:478][  0]LogConfig: Setting CVar [[r.VSync:0]]
[2023.06.01-02.47.11:478][  0]LogConfig: Setting CVar [[r.RHICmdBypass:0]]
[2023.06.01-02.47.11:478][  0]LogConfig: Applying CVar settings from Section [/Script/Engine.RendererSettings] File [D:/Unreal Projects/portfolio-site/Unreal Project/Saved/Config/Windows/Engine.ini]
[2023.06.01-02.47.11:478][  0]LogConfig: Setting CVar [[r.GPUCrashDebugging:0]]
[2023.06.01-02.47.11:478][  0]LogConfig: Setting CVar [[r.Mobile.DisableVertexFog:0]]
[2023.06.01-02.47.11:478][  0]LogConfig: Applying CVar settings from Section [/Script/Engine.RendererOverrideSettings] File [D:/Unreal Projects/portfolio-site/Unreal Project/Saved/Config/Windows/Engine.ini]
[2023.06.01-02.47.11:478][  0]LogConfig: Applying CVar settings from Section [/Script/Engine.StreamingSettings] File [D:/Unreal Projects/portfolio-site/Unreal Project/Saved/Config/Windows/Engine.ini]
[2023.06.01-02.47.11:478][  0]LogConfig: Setting CVar [[s.MinBulkDataSizeForAsyncLoading:131072]]
[2023.06.01-02.47.11:478][  0]LogConfig: Setting CVar [[s.AsyncLoadingThreadEnabled:0]]
[2023.06.01-02.47.11:478][  0]LogConfig: Setting CVar [[s.EventDrivenLoaderEnabled:1]]
[2023.06.01-02.47.11:478][  0]LogConfig: Setting CVar [[s.WarnIfTimeLimitExceeded:0]]
[2023.06.01-02.47.11:478][  0]LogConfig: Setting CVar [[s.TimeLimitExceededMultiplier:1.5]]
[2023.06.01-02.47.11:478][  0]LogConfig: Setting CVar [[s.TimeLimitExceededMinTime:0.005]]
[2023.06.01-02.47.11:478][  0]LogConfig: Setting CVar [[s.UseBackgroundLevelStreaming:1]]
[2023.06.01-02.47.11:478][  0]LogConfig: Setting CVar [[s.PriorityAsyncLoadingExtraTime:15.0]]
[2023.06.01-02.47.11:478][  0]LogConfig: Setting CVar [[s.LevelStreamingActorsUpdateTimeLimit:5.0]]
[2023.06.01-02.47.11:478][  0]LogConfig: Setting CVar [[s.PriorityLevelStreamingActorsUpdateExtraTime:5.0]]
[2023.06.01-02.47.11:478][  0]LogConfig: Setting CVar [[s.LevelStreamingComponentsRegistrationGranularity:10]]
[2023.06.01-02.47.11:478][  0]LogConfig: Setting CVar [[s.UnregisterComponentsTimeLimit:1.0]]
[2023.06.01-02.47.11:478][  0]LogConfig: Setting CVar [[s.LevelStreamingComponentsUnregistrationGranularity:5]]
[2023.06.01-02.47.11:478][  0]LogConfig: Applying CVar settings from Section [/Script/Engine.GarbageCollectionSettings] File [D:/Unreal Projects/portfolio-site/Unreal Project/Saved/Config/Windows/Engine.ini]
[2023.06.01-02.47.11:478][  0]LogConfig: Setting CVar [[gc.MaxObjectsNotConsideredByGC:1]]
[2023.06.01-02.47.11:478][  0]LogConfig: Setting CVar [[gc.SizeOfPermanentObjectPool:0]]
[2023.06.01-02.47.11:478][  0]LogConfig: Setting CVar [[gc.FlushStreamingOnGC:0]]
[2023.06.01-02.47.11:478][  0]LogConfig: Setting CVar [[gc.NumRetriesBeforeForcingGC:10]]
[2023.06.01-02.47.11:478][  0]LogConfig: Setting CVar [[gc.AllowParallelGC:1]]
[2023.06.01-02.47.11:478][  0]LogConfig: Setting CVar [[gc.TimeBetweenPurgingPendingKillObjects:61.1]]
[2023.06.01-02.47.11:478][  0]LogConfig: Setting CVar [[gc.MaxObjectsInEditor:16777216]]
[2023.06.01-02.47.11:478][  0]LogConfig: Setting CVar [[gc.IncrementalBeginDestroyEnabled:1]]
[2023.06.01-02.47.11:478][  0]LogConfig: Setting CVar [[gc.CreateGCClusters:1]]
[2023.06.01-02.47.11:478][  0]LogConfig: Setting CVar [[gc.MinGCClusterSize:5]]
[2023.06.01-02.47.11:478][  0]LogConfig: Setting CVar [[gc.ActorClusteringEnabled:0]]
[2023.06.01-02.47.11:478][  0]LogConfig: Setting CVar [[gc.BlueprintClusteringEnabled:0]]
[2023.06.01-02.47.11:478][  0]LogConfig: Setting CVar [[gc.UseDisregardForGCOnDedicatedServers:0]]
[2023.06.01-02.47.11:478][  0]LogConfig: Applying CVar settings from Section [/Script/Engine.NetworkSettings] File [D:/Unreal Projects/portfolio-site/Unreal Project/Saved/Config/Windows/Engine.ini]
[2023.06.01-02.47.11:478][  0]LogConfig: Applying CVar settings from Section [/Script/UnrealEd.CookerSettings] File [D:/Unreal Projects/portfolio-site/Unreal Project/Saved/Config/Windows/Engine.ini]
[2023.06.01-02.47.11:480][  0]LogConfig: Applying CVar settings from Section [ViewDistanceQuality@3] File [D:/Unreal Projects/portfolio-site/Unreal Project/Saved/Config/Windows/Scalability.ini]
[2023.06.01-02.47.11:480][  0]LogConfig: Setting CVar [[r.SkeletalMeshLODBias:0]]
[2023.06.01-02.47.11:480][  0]LogConfig: Setting CVar [[r.ViewDistanceScale:1.0]]
[2023.06.01-02.47.11:480][  0]LogConfig: Applying CVar settings from Section [AntiAliasingQuality@3] File [D:/Unreal Projects/portfolio-site/Unreal Project/Saved/Config/Windows/Scalability.ini]
[2023.06.01-02.47.11:480][  0]LogConfig: Setting CVar [[r.PostProcessAAQuality:4]]
[2023.06.01-02.47.11:480][  0]LogConfig: Applying CVar settings from Section [ShadowQuality@3] File [D:/Unreal Projects/portfolio-site/Unreal Project/Saved/Config/Windows/Scalability.ini]
[2023.06.01-02.47.11:480][  0]LogConfig: Setting CVar [[r.LightFunctionQuality:1]]
[2023.06.01-02.47.11:480][  0]LogConfig: Setting CVar [[r.ShadowQuality:5]]
[2023.06.01-02.47.11:480][  0]LogConfig: Setting CVar [[r.Shadow.CSM.MaxCascades:10]]
[2023.06.01-02.47.11:480][  0]LogConfig: Setting CVar [[r.Shadow.MaxResolution:2048]]
[2023.06.01-02.47.11:480][  0]LogConfig: Setting CVar [[r.Shadow.MaxCSMResolution:2048]]
[2023.06.01-02.47.11:480][  0]LogConfig: Setting CVar [[r.Shadow.RadiusThreshold:0.01]]
[2023.06.01-02.47.11:480][  0]LogConfig: Setting CVar [[r.Shadow.DistanceScale:1.0]]
[2023.06.01-02.47.11:480][  0]LogConfig: Setting CVar [[r.Shadow.CSM.TransitionScale:1.0]]
[2023.06.01-02.47.11:480][  0]LogConfig: Setting CVar [[r.Shadow.PreShadowResolutionFactor:1.0]]
[2023.06.01-02.47.11:480][  0]LogConfig: Setting CVar [[r.DistanceFieldShadowing:1]]
[2023.06.01-02.47.11:480][  0]LogConfig: Setting CVar [[r.DistanceFieldAO:1]]
[2023.06.01-02.47.11:480][  0]LogConfig: Setting CVar [[r.AOQuality:2]]
[2023.06.01-02.47.11:480][  0]LogConfig: Setting CVar [[r.VolumetricFog:1]]
[2023.06.01-02.47.11:480][  0]LogConfig: Setting CVar [[r.VolumetricFog.GridPixelSize:8]]
[2023.06.01-02.47.11:480][  0]LogConfig: Setting CVar [[r.VolumetricFog.GridSizeZ:128]]
[2023.06.01-02.47.11:480][  0]LogConfig: Setting CVar [[r.VolumetricFog.HistoryMissSupersampleCount:4]]
[2023.06.01-02.47.11:480][  0]LogConfig: Setting CVar [[r.LightMaxDrawDistanceScale:1]]
[2023.06.01-02.47.11:480][  0]LogConfig: Setting CVar [[r.CapsuleShadows:1]]
[2023.06.01-02.47.11:480][  0]LogConfig: Applying CVar settings from Section [PostProcessQuality@3] File [D:/Unreal Projects/portfolio-site/Unreal Project/Saved/Config/Windows/Scalability.ini]
[2023.06.01-02.47.11:480][  0]LogConfig: Setting CVar [[r.MotionBlurQuality:4]]
[2023.06.01-02.47.11:480][  0]LogConfig: Setting CVar [[r.AmbientOcclusionMipLevelFactor:0.4]]
[2023.06.01-02.47.11:480][  0]LogConfig: Setting CVar [[r.AmbientOcclusionMaxQuality:100]]
[2023.06.01-02.47.11:480][  0]LogConfig: Setting CVar [[r.AmbientOcclusionLevels:-1]]
[2023.06.01-02.47.11:480][  0]LogConfig: Setting CVar [[r.AmbientOcclusionRadiusScale:1.0]]
[2023.06.01-02.47.11:480][  0]LogConfig: Setting CVar [[r.DepthOfFieldQuality:2]]
[2023.06.01-02.47.11:480][  0]LogConfig: Setting CVar [[r.RenderTargetPoolMin:400]]
[2023.06.01-02.47.11:480][  0]LogConfig: Setting CVar [[r.LensFlareQuality:2]]
[2023.06.01-02.47.11:480][  0]LogConfig: Setting CVar [[r.SceneColorFringeQuality:1]]
[2023.06.01-02.47.11:480][  0]LogConfig: Setting CVar [[r.EyeAdaptationQuality:2]]
[2023.06.01-02.47.11:480][  0]LogConfig: Setting CVar [[r.BloomQuality:5]]
[2023.06.01-02.47.11:480][  0]LogConfig: Setting CVar [[r.FastBlurThreshold:100]]
[2023.06.01-02.47.11:480][  0]LogConfig: Setting CVar [[r.Upscale.Quality:3]]
[2023.06.01-02.47.11:480][  0]LogConfig: Setting CVar [[r.Tonemapper.GrainQuantization:1]]
[2023.06.01-02.47.11:480][  0]LogConfig: Setting CVar [[r.LightShaftQuality:1]]
[2023.06.01-02.47.11:480][  0]LogConfig: Setting CVar [[r.Filter.SizeScale:1]]
[2023.06.01-02.47.11:480][  0]LogConfig: Setting CVar [[r.Tonemapper.Quality:5]]
[2023.06.01-02.47.11:480][  0]LogConfig: Setting CVar [[r.DOF.Gather.AccumulatorQuality:1        ; higher gathering accumulator quality]]
[2023.06.01-02.47.11:480][  0]LogConfig: Setting CVar [[r.DOF.Gather.PostfilterMethod:1          ; Median3x3 postfilering method]]
[2023.06.01-02.47.11:480][  0]LogConfig: Setting CVar [[r.DOF.Gather.EnableBokehSettings:0       ; no bokeh simulation when gathering]]
[2023.06.01-02.47.11:480][  0]LogConfig: Setting CVar [[r.DOF.Gather.RingCount:4                 ; medium number of samples when gathering]]
[2023.06.01-02.47.11:480][  0]LogConfig: Setting CVar [[r.DOF.Scatter.ForegroundCompositing:1    ; additive foreground scattering]]
[2023.06.01-02.47.11:480][  0]LogConfig: Setting CVar [[r.DOF.Scatter.BackgroundCompositing:2    ; additive background scattering]]
[2023.06.01-02.47.11:480][  0]LogConfig: Setting CVar [[r.DOF.Scatter.EnableBokehSettings:1      ; bokeh simulation when scattering]]
[2023.06.01-02.47.11:480][  0]LogConfig: Setting CVar [[r.DOF.Scatter.MaxSpriteRatio:0.1         ; only a maximum of 10% of scattered bokeh]]
[2023.06.01-02.47.11:480][  0]LogConfig: Setting CVar [[r.DOF.Recombine.Quality:1                ; cheap slight out of focus]]
[2023.06.01-02.47.11:480][  0]LogConfig: Setting CVar [[r.DOF.Recombine.EnableBokehSettings:0    ; no bokeh simulation on slight out of focus]]
[2023.06.01-02.47.11:480][  0]LogConfig: Setting CVar [[r.DOF.TemporalAAQuality:1                ; more stable temporal accumulation]]
[2023.06.01-02.47.11:480][  0]LogConfig: Setting CVar [[r.DOF.Kernel.MaxForegroundRadius:0.025]]
[2023.06.01-02.47.11:480][  0]LogConfig: Setting CVar [[r.DOF.Kernel.MaxBackgroundRadius:0.025]]
[2023.06.01-02.47.11:480][  0]LogConfig: Applying CVar settings from Section [TextureQuality@3] File [D:/Unreal Projects/portfolio-site/Unreal Project/Saved/Config/Windows/Scalability.ini]
[2023.06.01-02.47.11:480][  0]LogConfig: Setting CVar [[r.Streaming.MipBias:0]]
[2023.06.01-02.47.11:480][  0]LogConfig: Setting CVar [[r.Streaming.AmortizeCPUToGPUCopy:0]]
[2023.06.01-02.47.11:480][  0]LogConfig: Setting CVar [[r.Streaming.MaxNumTexturesToStreamPerFrame:0]]
[2023.06.01-02.47.11:480][  0]LogConfig: Setting CVar [[r.Streaming.Boost:1]]
[2023.06.01-02.47.11:480][  0]LogConfig: Setting CVar [[r.MaxAnisotropy:8]]
[2023.06.01-02.47.11:480][  0]LogConfig: Setting CVar [[r.Streaming.LimitPoolSizeToVRAM:0]]
[2023.06.01-02.47.11:480][  0]LogConfig: Setting CVar [[r.Streaming.PoolSize:1000]]
[2023.06.01-02.47.11:480][  0]LogConfig: Setting CVar [[r.Streaming.MaxEffectiveScreenSize:0]]
[2023.06.01-02.47.11:480][  0]LogConfig: Applying CVar settings from Section [EffectsQuality@3] File [D:/Unreal Projects/portfolio-site/Unreal Project/Saved/Config/Windows/Scalability.ini]
[2023.06.01-02.47.11:480][  0]LogConfig: Setting CVar [[r.TranslucencyLightingVolumeDim:64]]
[2023.06.01-02.47.11:480][  0]LogConfig: Setting CVar [[r.RefractionQuality:2]]
[2023.06.01-02.47.11:480][  0]LogConfig: Setting CVar [[r.SSR.Quality:3]]
[2023.06.01-02.47.11:480][  0]LogConfig: Setting CVar [[r.SceneColorFormat:4]]
[2023.06.01-02.47.11:480][  0]LogConfig: Setting CVar [[r.DetailMode:2]]
[2023.06.01-02.47.11:480][  0]LogConfig: Setting CVar [[r.TranslucencyVolumeBlur:1]]
[2023.06.01-02.47.11:481][  0]LogConfig: Setting CVar [[r.MaterialQualityLevel:1 ; High quality]]
[2023.06.01-02.47.11:481][  0]LogConfig: Setting CVar [[r.SSS.Scale:1]]
[2023.06.01-02.47.11:481][  0]LogConfig: Setting CVar [[r.SSS.SampleSet:2]]
[2023.06.01-02.47.11:481][  0]LogConfig: Setting CVar [[r.SSS.Quality:1]]
[2023.06.01-02.47.11:481][  0]LogConfig: Setting CVar [[r.SSS.HalfRes:1]]
[2023.06.01-02.47.11:481][  0]LogConfig: Setting CVar [[r.EmitterSpawnRateScale:1.0]]
[2023.06.01-02.47.11:481][  0]LogConfig: Setting CVar [[r.ParticleLightQuality:2]]
[2023.06.01-02.47.11:481][  0]LogConfig: Applying CVar settings from Section [FoliageQuality@3] File [D:/Unreal Projects/portfolio-site/Unreal Project/Saved/Config/Windows/Scalability.ini]
[2023.06.01-02.47.11:481][  0]LogConfig: Setting CVar [[foliage.DensityScale:1.0]]
[2023.06.01-02.47.11:481][  0]LogConfig: Setting CVar [[grass.DensityScale:1.0]]
[2023.06.01-02.47.11:481][  0]LogInit: Selected Device Profile: [Windows]
[2023.06.01-02.47.11:481][  0]LogInit: Applying CVar settings loaded from the selected device profile: [Windows]
[2023.06.01-02.47.11:483][  0]LogHAL: Display: Platform has ~ 32 GB [33720770560 / 34359738368 / 32], which maps to Largest [LargestMinGB=32, LargerMinGB=12, DefaultMinGB=8, SmallerMinGB=6, SmallestMinGB=0)
[2023.06.01-02.47.11:483][  0]LogInit: Going up to parent DeviceProfile []
[2023.06.01-02.47.11:483][  0]LogConfig: Applying CVar settings from Section [ViewDistanceQuality@3] File [D:/Unreal Projects/portfolio-site/Unreal Project/Saved/Config/Windows/Scalability.ini]
[2023.06.01-02.47.11:483][  0]LogConfig: Setting CVar [[r.SkeletalMeshLODBias:0]]
[2023.06.01-02.47.11:483][  0]LogConfig: Setting CVar [[r.ViewDistanceScale:1.0]]
[2023.06.01-02.47.11:483][  0]LogConfig: Applying CVar settings from Section [AntiAliasingQuality@3] File [D:/Unreal Projects/portfolio-site/Unreal Project/Saved/Config/Windows/Scalability.ini]
[2023.06.01-02.47.11:483][  0]LogConfig: Setting CVar [[r.PostProcessAAQuality:4]]
[2023.06.01-02.47.11:483][  0]LogConfig: Applying CVar settings from Section [ShadowQuality@3] File [D:/Unreal Projects/portfolio-site/Unreal Project/Saved/Config/Windows/Scalability.ini]
[2023.06.01-02.47.11:483][  0]LogConfig: Setting CVar [[r.LightFunctionQuality:1]]
[2023.06.01-02.47.11:483][  0]LogConfig: Setting CVar [[r.ShadowQuality:5]]
[2023.06.01-02.47.11:483][  0]LogConfig: Setting CVar [[r.Shadow.CSM.MaxCascades:10]]
[2023.06.01-02.47.11:483][  0]LogConfig: Setting CVar [[r.Shadow.MaxResolution:2048]]
[2023.06.01-02.47.11:483][  0]LogConfig: Setting CVar [[r.Shadow.MaxCSMResolution:2048]]
[2023.06.01-02.47.11:483][  0]LogConfig: Setting CVar [[r.Shadow.RadiusThreshold:0.01]]
[2023.06.01-02.47.11:483][  0]LogConfig: Setting CVar [[r.Shadow.DistanceScale:1.0]]
[2023.06.01-02.47.11:483][  0]LogConfig: Setting CVar [[r.Shadow.CSM.TransitionScale:1.0]]
[2023.06.01-02.47.11:483][  0]LogConfig: Setting CVar [[r.Shadow.PreShadowResolutionFactor:1.0]]
[2023.06.01-02.47.11:483][  0]LogConfig: Setting CVar [[r.DistanceFieldShadowing:1]]
[2023.06.01-02.47.11:483][  0]LogConfig: Setting CVar [[r.DistanceFieldAO:1]]
[2023.06.01-02.47.11:483][  0]LogConfig: Setting CVar [[r.AOQuality:2]]
[2023.06.01-02.47.11:483][  0]LogConfig: Setting CVar [[r.VolumetricFog:1]]
[2023.06.01-02.47.11:483][  0]LogConfig: Setting CVar [[r.VolumetricFog.GridPixelSize:8]]
[2023.06.01-02.47.11:483][  0]LogConfig: Setting CVar [[r.VolumetricFog.GridSizeZ:128]]
[2023.06.01-02.47.11:483][  0]LogConfig: Setting CVar [[r.VolumetricFog.HistoryMissSupersampleCount:4]]
[2023.06.01-02.47.11:483][  0]LogConfig: Setting CVar [[r.LightMaxDrawDistanceScale:1]]
[2023.06.01-02.47.11:483][  0]LogConfig: Setting CVar [[r.CapsuleShadows:1]]
[2023.06.01-02.47.11:483][  0]LogConfig: Applying CVar settings from Section [PostProcessQuality@3] File [D:/Unreal Projects/portfolio-site/Unreal Project/Saved/Config/Windows/Scalability.ini]
[2023.06.01-02.47.11:483][  0]LogConfig: Setting CVar [[r.MotionBlurQuality:4]]
[2023.06.01-02.47.11:483][  0]LogConfig: Setting CVar [[r.AmbientOcclusionMipLevelFactor:0.4]]
[2023.06.01-02.47.11:483][  0]LogConfig: Setting CVar [[r.AmbientOcclusionMaxQuality:100]]
[2023.06.01-02.47.11:483][  0]LogConfig: Setting CVar [[r.AmbientOcclusionLevels:-1]]
[2023.06.01-02.47.11:483][  0]LogConfig: Setting CVar [[r.AmbientOcclusionRadiusScale:1.0]]
[2023.06.01-02.47.11:483][  0]LogConfig: Setting CVar [[r.DepthOfFieldQuality:2]]
[2023.06.01-02.47.11:483][  0]LogConfig: Setting CVar [[r.RenderTargetPoolMin:400]]
[2023.06.01-02.47.11:483][  0]LogConfig: Setting CVar [[r.LensFlareQuality:2]]
[2023.06.01-02.47.11:483][  0]LogConfig: Setting CVar [[r.SceneColorFringeQuality:1]]
[2023.06.01-02.47.11:483][  0]LogConfig: Setting CVar [[r.EyeAdaptationQuality:2]]
[2023.06.01-02.47.11:483][  0]LogConfig: Setting CVar [[r.BloomQuality:5]]
[2023.06.01-02.47.11:483][  0]LogConfig: Setting CVar [[r.FastBlurThreshold:100]]
[2023.06.01-02.47.11:483][  0]LogConfig: Setting CVar [[r.Upscale.Quality:3]]
[2023.06.01-02.47.11:483][  0]LogConfig: Setting CVar [[r.Tonemapper.GrainQuantization:1]]
[2023.06.01-02.47.11:483][  0]LogConfig: Setting CVar [[r.LightShaftQuality:1]]
[2023.06.01-02.47.11:483][  0]LogConfig: Setting CVar [[r.Filter.SizeScale:1]]
[2023.06.01-02.47.11:483][  0]LogConfig: Setting CVar [[r.Tonemapper.Quality:5]]
[2023.06.01-02.47.11:483][  0]LogConfig: Setting CVar [[r.DOF.Gather.AccumulatorQuality:1        ; higher gathering accumulator quality]]
[2023.06.01-02.47.11:483][  0]LogConfig: Setting CVar [[r.DOF.Gather.PostfilterMethod:1          ; Median3x3 postfilering method]]
[2023.06.01-02.47.11:483][  0]LogConfig: Setting CVar [[r.DOF.Gather.EnableBokehSettings:0       ; no bokeh simulation when gathering]]
[2023.06.01-02.47.11:483][  0]LogConfig: Setting CVar [[r.DOF.Gather.RingCount:4                 ; medium number of samples when gathering]]
[2023.06.01-02.47.11:483][  0]LogConfig: Setting CVar [[r.DOF.Scatter.ForegroundCompositing:1    ; additive foreground scattering]]
[2023.06.01-02.47.11:483][  0]LogConfig: Setting CVar [[r.DOF.Scatter.BackgroundCompositing:2    ; additive background scattering]]
[2023.06.01-02.47.11:483][  0]LogConfig: Setting CVar [[r.DOF.Scatter.EnableBokehSettings:1      ; bokeh simulation when scattering]]
[2023.06.01-02.47.11:483][  0]LogConfig: Setting CVar [[r.DOF.Scatter.MaxSpriteRatio:0.1         ; only a maximum of 10% of scattered bokeh]]
[2023.06.01-02.47.11:483][  0]LogConfig: Setting CVar [[r.DOF.Recombine.Quality:1                ; cheap slight out of focus]]
[2023.06.01-02.47.11:483][  0]LogConfig: Setting CVar [[r.DOF.Recombine.EnableBokehSettings:0    ; no bokeh simulation on slight out of focus]]
[2023.06.01-02.47.11:483][  0]LogConfig: Setting CVar [[r.DOF.TemporalAAQuality:1                ; more stable temporal accumulation]]
[2023.06.01-02.47.11:483][  0]LogConfig: Setting CVar [[r.DOF.Kernel.MaxForegroundRadius:0.025]]
[2023.06.01-02.47.11:483][  0]LogConfig: Setting CVar [[r.DOF.Kernel.MaxBackgroundRadius:0.025]]
[2023.06.01-02.47.11:483][  0]LogConfig: Applying CVar settings from Section [TextureQuality@3] File [D:/Unreal Projects/portfolio-site/Unreal Project/Saved/Config/Windows/Scalability.ini]
[2023.06.01-02.47.11:483][  0]LogConfig: Setting CVar [[r.Streaming.MipBias:0]]
[2023.06.01-02.47.11:483][  0]LogConfig: Setting CVar [[r.Streaming.AmortizeCPUToGPUCopy:0]]
[2023.06.01-02.47.11:483][  0]LogConfig: Setting CVar [[r.Streaming.MaxNumTexturesToStreamPerFrame:0]]
[2023.06.01-02.47.11:483][  0]LogConfig: Setting CVar [[r.Streaming.Boost:1]]
[2023.06.01-02.47.11:483][  0]LogConfig: Setting CVar [[r.MaxAnisotropy:8]]
[2023.06.01-02.47.11:483][  0]LogConfig: Setting CVar [[r.Streaming.LimitPoolSizeToVRAM:0]]
[2023.06.01-02.47.11:483][  0]LogConfig: Setting CVar [[r.Streaming.PoolSize:1000]]
[2023.06.01-02.47.11:483][  0]LogConfig: Setting CVar [[r.Streaming.MaxEffectiveScreenSize:0]]
[2023.06.01-02.47.11:483][  0]LogConfig: Applying CVar settings from Section [EffectsQuality@3] File [D:/Unreal Projects/portfolio-site/Unreal Project/Saved/Config/Windows/Scalability.ini]
[2023.06.01-02.47.11:483][  0]LogConfig: Setting CVar [[r.TranslucencyLightingVolumeDim:64]]
[2023.06.01-02.47.11:483][  0]LogConfig: Setting CVar [[r.RefractionQuality:2]]
[2023.06.01-02.47.11:483][  0]LogConfig: Setting CVar [[r.SSR.Quality:3]]
[2023.06.01-02.47.11:483][  0]LogConfig: Setting CVar [[r.SceneColorFormat:4]]
[2023.06.01-02.47.11:483][  0]LogConfig: Setting CVar [[r.DetailMode:2]]
[2023.06.01-02.47.11:483][  0]LogConfig: Setting CVar [[r.TranslucencyVolumeBlur:1]]
[2023.06.01-02.47.11:483][  0]LogConfig: Setting CVar [[r.MaterialQualityLevel:1 ; High quality]]
[2023.06.01-02.47.11:483][  0]LogConfig: Setting CVar [[r.SSS.Scale:1]]
[2023.06.01-02.47.11:483][  0]LogConfig: Setting CVar [[r.SSS.SampleSet:2]]
[2023.06.01-02.47.11:483][  0]LogConfig: Setting CVar [[r.SSS.Quality:1]]
[2023.06.01-02.47.11:483][  0]LogConfig: Setting CVar [[r.SSS.HalfRes:1]]
[2023.06.01-02.47.11:483][  0]LogConfig: Setting CVar [[r.EmitterSpawnRateScale:1.0]]
[2023.06.01-02.47.11:483][  0]LogConfig: Setting CVar [[r.ParticleLightQuality:2]]
[2023.06.01-02.47.11:483][  0]LogConfig: Applying CVar settings from Section [FoliageQuality@3] File [D:/Unreal Projects/portfolio-site/Unreal Project/Saved/Config/Windows/Scalability.ini]
[2023.06.01-02.47.11:483][  0]LogConfig: Setting CVar [[foliage.DensityScale:1.0]]
[2023.06.01-02.47.11:483][  0]LogConfig: Setting CVar [[grass.DensityScale:1.0]]
[2023.06.01-02.47.11:483][  0]LogConfig: Applying CVar settings from Section [Startup] File [../../../Engine/Config/ConsoleVariables.ini]
[2023.06.01-02.47.11:484][  0]LogConfig: Setting CVar [[net.UseAdaptiveNetUpdateFrequency:0]]
[2023.06.01-02.47.11:484][  0]LogConfig: Setting CVar [[p.chaos.AllowCreatePhysxBodies:1]]
[2023.06.01-02.47.11:484][  0]LogConfig: Applying CVar settings from Section [ConsoleVariables] File [D:/Unreal Projects/portfolio-site/Unreal Project/Saved/Config/Windows/Engine.ini]
[2023.06.01-02.47.11:484][  0]LogInit: Computer: GATBINGMACHINE
[2023.06.01-02.47.11:484][  0]LogInit: User: kingo
[2023.06.01-02.47.11:484][  0]LogInit: CPU Page size=4096, Cores=8
[2023.06.01-02.47.11:484][  0]LogInit: High frequency timer resolution =10.000000 MHz
[2023.06.01-02.47.11:484][  0]LogMemory: Memory total: Physical=31.4GB (32GB approx)
[2023.06.01-02.47.11:484][  0]LogMemory: Platform Memory Stats for Windows
[2023.06.01-02.47.11:484][  0]LogMemory: Process Physical Memory: 110.16 MB used, 111.86 MB peak
[2023.06.01-02.47.11:484][  0]LogMemory: Process Virtual Memory: 105.87 MB used, 105.87 MB peak
[2023.06.01-02.47.11:484][  0]LogMemory: Physical Memory: 17453.65 MB used,  14704.98 MB free, 32158.63 MB total
[2023.06.01-02.47.11:484][  0]LogMemory: Virtual Memory: 4733.38 MB used,  134212992.00 MB free, 134217728.00 MB total
[2023.06.01-02.47.11:487][  0]LogWindows: WindowsPlatformFeatures enabled
[2023.06.01-02.47.11:508][  0]LogInit: Using OS detected language (en-US).
[2023.06.01-02.47.11:508][  0]LogInit: Using OS detected locale (en-US).
[2023.06.01-02.47.11:508][  0]LogTextLocalizationManager: No specific localization for 'en-US' exists, so the 'en' localization will be used.
[2023.06.01-02.47.11:642][  0]LogInit: Setting process to per monitor DPI aware
[2023.06.01-02.47.11:670][  0]LogSlate: New Slate User Created.  User Index 0, Is Virtual User: 0
[2023.06.01-02.47.11:670][  0]LogSlate: Slate User Registered.  User Index 0, Is Virtual User: 0
[2023.06.01-02.47.11:819][  0]LogHMD: Failed to initialize OpenVR with code 110
[2023.06.01-02.47.11:819][  0]LogD3D11RHI: D3D11 adapters:
[2023.06.01-02.47.11:897][  0]LogD3D11RHI:    0. 'AMD Radeon RX 6800M' (Feature Level 11_0)
[2023.06.01-02.47.11:897][  0]LogD3D11RHI:       12242/0/16079 MB DedicatedVideo/DedicatedSystem/SharedSystem, Outputs:1, VendorId:0x1002
[2023.06.01-02.47.11:934][  0]LogD3D11RHI:    1. 'AMD Radeon(TM) Graphics' (Feature Level 11_0)
[2023.06.01-02.47.11:934][  0]LogD3D11RHI:       495/0/16079 MB DedicatedVideo/DedicatedSystem/SharedSystem, Outputs:0, VendorId:0x1002
[2023.06.01-02.47.11:935][  0]LogD3D11RHI:    2. 'Microsoft Basic Render Driver' (Feature Level 11_0)
[2023.06.01-02.47.11:935][  0]LogD3D11RHI:       0/0/16079 MB DedicatedVideo/DedicatedSystem/SharedSystem, Outputs:0, VendorId:0x1414
[2023.06.01-02.47.11:935][  0]LogD3D11RHI: Chosen D3D11 Adapter: 0
[2023.06.01-02.47.11:947][  0]LogD3D11RHI: Creating new Direct3DDevice
[2023.06.01-02.47.11:947][  0]LogD3D11RHI:     GPU DeviceId: 0x73df (for the marketing name, search the web for "GPU Device Id")
[2023.06.01-02.47.11:947][  0]LogWindows: EnumDisplayDevices:
[2023.06.01-02.47.11:947][  0]LogWindows:    0. 'AMD Radeon(TM) Graphics' (P:0 D:0)
[2023.06.01-02.47.11:947][  0]LogWindows:    1. 'AMD Radeon(TM) Graphics' (P:0 D:0)
[2023.06.01-02.47.11:948][  0]LogWindows:    2. 'AMD Radeon(TM) Graphics' (P:0 D:0)
[2023.06.01-02.47.11:948][  0]LogWindows:    3. 'AMD Radeon RX 6800M' (P:1 D:1)
[2023.06.01-02.47.11:948][  0]LogWindows:    4. 'AMD Radeon RX 6800M' (P:0 D:0)
[2023.06.01-02.47.11:949][  0]LogWindows:    5. 'AMD Radeon RX 6800M' (P:0 D:0)
[2023.06.01-02.47.11:949][  0]LogWindows:    6. 'AMD Radeon RX 6800M' (P:0 D:0)
[2023.06.01-02.47.11:949][  0]LogWindows:    7. 'AMD Radeon RX 6800M' (P:0 D:0)
[2023.06.01-02.47.11:950][  0]LogWindows: DebugString: PrimaryIsNotTheChoosenAdapter PrimaryIsNotTheChoosenAdapter PrimaryIsNotTheChoosenAdapter FoundDriverCount:5 
[2023.06.01-02.47.11:950][  0]LogD3D11RHI:     Adapter Name: AMD Radeon RX 6800M
[2023.06.01-02.47.11:950][  0]LogD3D11RHI:   Driver Version: AMD Software: Adrenalin Edition 23.5.1 (internal:31.0.14057.2005, unified:31.0.14057.2005)
[2023.06.01-02.47.11:950][  0]LogD3D11RHI:      Driver Date: 5-12-2023
[2023.06.01-02.47.11:950][  0]LogRHI: Texture pool is 8569 MB (70% of 12242 MB)
[2023.06.01-02.47.12:025][  0]LogD3D11RHI: Async texture creation enabled
[2023.06.01-02.47.12:038][  0]LogD3D11RHI: GPU Timing Frequency: 100.000000 (Debug: 2 1)
[2023.06.01-02.47.12:295][  0]LogTemp: Display: Module 'AllDesktopTargetPlatform' loaded TargetPlatform 'AllDesktop'
[2023.06.01-02.47.12:301][  0]LogTemp: Display: Module 'MacClientTargetPlatform' loaded TargetPlatform 'MacClient'
[2023.06.01-02.47.12:307][  0]LogTemp: Display: Module 'MacNoEditorTargetPlatform' loaded TargetPlatform 'MacNoEditor'
[2023.06.01-02.47.12:313][  0]LogTemp: Display: Module 'MacServerTargetPlatform' loaded TargetPlatform 'MacServer'
[2023.06.01-02.47.12:320][  0]LogTemp: Display: Module 'MacTargetPlatform' loaded TargetPlatform 'Mac'
[2023.06.01-02.47.12:328][  0]LogTemp: Display: Module 'WindowsClientTargetPlatform' loaded TargetPlatform 'WindowsClient'
[2023.06.01-02.47.12:336][  0]LogTemp: Display: Module 'WindowsNoEditorTargetPlatform' loaded TargetPlatform 'WindowsNoEditor'
[2023.06.01-02.47.12:341][  0]LogTemp: Display: Module 'WindowsServerTargetPlatform' loaded TargetPlatform 'WindowsServer'
[2023.06.01-02.47.12:344][  0]LogTemp: Display: Module 'WindowsTargetPlatform' loaded TargetPlatform 'Windows'
[2023.06.01-02.47.12:369][  0]LogTemp: Display: Module 'AndroidTargetPlatform' loaded TargetPlatform 'Android'
[2023.06.01-02.47.12:369][  0]LogTemp: Display: Module 'AndroidTargetPlatform' loaded TargetPlatform 'Android_ASTC'
[2023.06.01-02.47.12:369][  0]LogTemp: Display: Module 'AndroidTargetPlatform' loaded TargetPlatform 'Android_ATC'
[2023.06.01-02.47.12:369][  0]LogTemp: Display: Module 'AndroidTargetPlatform' loaded TargetPlatform 'Android_DXT'
[2023.06.01-02.47.12:369][  0]LogTemp: Display: Module 'AndroidTargetPlatform' loaded TargetPlatform 'Android_ETC1'
[2023.06.01-02.47.12:369][  0]LogTemp: Display: Module 'AndroidTargetPlatform' loaded TargetPlatform 'Android_ETC1a'
[2023.06.01-02.47.12:369][  0]LogTemp: Display: Module 'AndroidTargetPlatform' loaded TargetPlatform 'Android_ETC2'
[2023.06.01-02.47.12:369][  0]LogTemp: Display: Module 'AndroidTargetPlatform' loaded TargetPlatform 'Android_PVRTC'
[2023.06.01-02.47.12:369][  0]LogTemp: Display: Module 'AndroidTargetPlatform' loaded TargetPlatform 'AndroidClient'
[2023.06.01-02.47.12:369][  0]LogTemp: Display: Module 'AndroidTargetPlatform' loaded TargetPlatform 'Android_ASTCClient'
[2023.06.01-02.47.12:369][  0]LogTemp: Display: Module 'AndroidTargetPlatform' loaded TargetPlatform 'Android_ATCClient'
[2023.06.01-02.47.12:369][  0]LogTemp: Display: Module 'AndroidTargetPlatform' loaded TargetPlatform 'Android_DXTClient'
[2023.06.01-02.47.12:369][  0]LogTemp: Display: Module 'AndroidTargetPlatform' loaded TargetPlatform 'Android_ETC1Client'
[2023.06.01-02.47.12:369][  0]LogTemp: Display: Module 'AndroidTargetPlatform' loaded TargetPlatform 'Android_ETC1aClient'
[2023.06.01-02.47.12:369][  0]LogTemp: Display: Module 'AndroidTargetPlatform' loaded TargetPlatform 'Android_ETC2Client'
[2023.06.01-02.47.12:369][  0]LogTemp: Display: Module 'AndroidTargetPlatform' loaded TargetPlatform 'Android_PVRTCClient'
[2023.06.01-02.47.12:369][  0]LogTemp: Display: Module 'AndroidTargetPlatform' loaded TargetPlatform 'Android_Multi'
[2023.06.01-02.47.12:369][  0]LogTemp: Display: Module 'AndroidTargetPlatform' loaded TargetPlatform 'Android_MultiClient'
[2023.06.01-02.47.12:370][  0]LogTemp: Display: Module 'HTML5TargetPlatform' loaded TargetPlatform 'HTML5'
[2023.06.01-02.47.12:383][  0]LogTemp: Display: Module 'IOSTargetPlatform' loaded TargetPlatform 'IOSClient'
[2023.06.01-02.47.12:383][  0]LogTemp: Display: Module 'IOSTargetPlatform' loaded TargetPlatform 'IOS'
[2023.06.01-02.47.12:393][  0]LogTemp: Display: Module 'TVOSTargetPlatform' loaded TargetPlatform 'TVOSClient'
[2023.06.01-02.47.12:393][  0]LogTemp: Display: Module 'TVOSTargetPlatform' loaded TargetPlatform 'TVOS'
[2023.06.01-02.47.12:399][  0]LogTemp: Display: Module 'LinuxClientTargetPlatform' loaded TargetPlatform 'LinuxClient'
[2023.06.01-02.47.12:404][  0]LogTemp: Display: Module 'LinuxNoEditorTargetPlatform' loaded TargetPlatform 'LinuxNoEditor'
[2023.06.01-02.47.12:410][  0]LogTemp: Display: Module 'LinuxServerTargetPlatform' loaded TargetPlatform 'LinuxServer'
[2023.06.01-02.47.12:416][  0]LogTemp: Display: Module 'LinuxTargetPlatform' loaded TargetPlatform 'Linux'
[2023.06.01-02.47.12:432][  0]LogTemp: Display: Module 'LuminTargetPlatform' loaded TargetPlatform 'Lumin'
[2023.06.01-02.47.12:432][  0]LogTemp: Display: Module 'LuminTargetPlatform' loaded TargetPlatform 'LuminClient'
[2023.06.01-02.47.12:432][  0]LogTargetPlatformManager: Display: Building Assets For Windows
[2023.06.01-02.47.12:439][  0]LogAudioDebug: Display: Lib vorbis DLL was dynamically loaded.
[2023.06.01-02.47.12:469][  0]LogShaderCompilers: Guid format shader working directory is -14 characters bigger than the processId version (../../../../../Unreal Projects/portfolio-site/Unreal Project/Intermediate/Shaders/WorkingDirectory/4428/).
[2023.06.01-02.47.12:469][  0]LogShaderCompilers: Cleaned the shader compiler working directory 'C:/Users/kingo/AppData/Local/Temp/UnrealShaderWorkingDir/7D7C234641974028F8E5B2B9BFF23906/'.
[2023.06.01-02.47.12:470][  0]LogXGEController: Cleaning working directory: C:/Users/kingo/AppData/Local/Temp/UnrealXGEWorkingDir/
[2023.06.01-02.47.12:471][  0]LogXGEController: Cannot use XGE Controller as Incredibuild is not installed on this machine.
[2023.06.01-02.47.12:471][  0]LogShaderCompilers: Cannot use XGE Shader Compiler as Incredibuild is not installed on this machine.
[2023.06.01-02.47.12:471][  0]LogShaderCompilers: Display: Using Local Shader Compiler.
[2023.06.01-02.47.12:921][  0]LogDerivedDataCache: Display: Max Cache Size: 512 MB
[2023.06.01-02.47.12:922][  0]LogDerivedDataCache: Loaded boot cache 0.00s 1MB C:/Users/kingo/AppData/Local/UnrealEngine/4.23/DerivedDataCache/Boot.ddc.
[2023.06.01-02.47.12:922][  0]LogDerivedDataCache: Display: Loaded Boot cache: C:/Users/kingo/AppData/Local/UnrealEngine/4.23/DerivedDataCache/Boot.ddc
[2023.06.01-02.47.12:922][  0]LogDerivedDataCache: FDerivedDataBackendGraph:  Pak pak cache file ../../../../../Unreal Projects/portfolio-site/Unreal Project/DerivedDataCache/DDC.ddp not found, will not use a pak cache.
[2023.06.01-02.47.12:922][  0]LogDerivedDataCache: Unable to find inner node Pak for hierarchical cache Hierarchy.
[2023.06.01-02.47.12:922][  0]LogDerivedDataCache: FDerivedDataBackendGraph:  CompressedPak pak cache file ../../../../../Unreal Projects/portfolio-site/Unreal Project/DerivedDataCache/Compressed.ddp not found, will not use a pak cache.
[2023.06.01-02.47.12:923][  0]LogDerivedDataCache: Unable to find inner node CompressedPak for hierarchical cache Hierarchy.
[2023.06.01-02.47.12:931][  0]LogDerivedDataCache: Display: Pak cache opened for reading ../../../Engine/DerivedDataCache/Compressed.ddp.
[2023.06.01-02.47.12:931][  0]LogDerivedDataCache: FDerivedDataBackendGraph:  EnterprisePak pak cache file ../../../Enterprise/DerivedDataCache/Compressed.ddp not found, will not use a pak cache.
[2023.06.01-02.47.12:931][  0]LogDerivedDataCache: Unable to find inner node EnterprisePak for hierarchical cache Hierarchy.
[2023.06.01-02.47.12:932][  0]LogDerivedDataCache: Using Local data cache path C:/Users/kingo/AppData/Local/UnrealEngine/Common/DerivedDataCache: Writable
[2023.06.01-02.47.12:932][  0]LogDerivedDataCache: Shared data cache path not found in *engine.ini, will not use an Shared cache.
[2023.06.01-02.47.12:932][  0]LogDerivedDataCache: Unable to find inner node Shared for hierarchical cache Hierarchy.
[2023.06.01-02.47.12:950][  0]LogMaterial: Verifying Global Shaders for PCD3D_SM5
[2023.06.01-02.47.12:952][  0]LogSlate: Using FreeType 2.6.0
[2023.06.01-02.47.12:952][  0]LogSlate: SlateFontServices - WITH_FREETYPE: 1, WITH_HARFBUZZ: 1
[2023.06.01-02.47.13:003][  0]LogAssetRegistry: FAssetRegistry took 0.0024 seconds to start up
[2023.06.01-02.47.13:208][  0]LogInit: Selected Device Profile: [Windows]
[2023.06.01-02.47.13:314][  0]LogMeshReduction: Using QuadricMeshReduction for automatic static mesh reduction
[2023.06.01-02.47.13:314][  0]LogMeshReduction: Using SimplygonMeshReduction for automatic skeletal mesh reduction
[2023.06.01-02.47.13:314][  0]LogMeshReduction: Using ProxyLODMeshReduction for automatic mesh merging
[2023.06.01-02.47.13:314][  0]LogMeshReduction: No distributed automatic mesh merging module available
[2023.06.01-02.47.13:314][  0]LogMeshMerging: No distributed automatic mesh merging module available
[2023.06.01-02.47.13:323][  0]LogNetVersion: Portfolio 1.0.0, NetCL: 8386587, EngineNetVer: 11, GameNetVer: 0 (Checksum: 3959118709)
[2023.06.01-02.47.13:702][  0]LogPackageLocalizationCache: Processed 12 localized package path(s) for 1 prioritized culture(s) in 0.062088 seconds
[2023.06.01-02.47.13:709][  0]LogUObjectArray: 43444 objects as part of root set at end of initial load.
[2023.06.01-02.47.13:709][  0]LogUObjectAllocator: 7548648 out of 0 bytes used by permanent object pool.
[2023.06.01-02.47.13:709][  0]LogUObjectArray: CloseDisregardForGC: 0/0 objects in disregard for GC pool
[2023.06.01-02.47.14:389][  0]LogTcpMessaging: Initializing TcpMessaging bridge
[2023.06.01-02.47.14:393][  0]LogUdpMessaging: Initializing bridge on interface 0.0.0.0:0 to multicast group 230.0.0.1:6666.
[2023.06.01-02.47.14:437][  0]SourceControl: Source control is disabled
[2023.06.01-02.47.14:437][  0]SourceControl: Source control is disabled
[2023.06.01-02.47.14:438][  0]SourceControl: Source control is disabled
[2023.06.01-02.47.14:439][  0]SourceControl: Source control is disabled
[2023.06.01-02.47.14:508][  0]LogAndroidPermission: UAndroidPermissionCallbackProxy::GetInstance
[2023.06.01-02.47.14:710][  0]LogOcInput: OculusInput pre-init called
[2023.06.01-02.47.15:193][  0]LogEngine: Initializing Engine...
[2023.06.01-02.47.15:194][  0]LogHMD: Failed to initialize OpenVR with code 110
[2023.06.01-02.47.15:195][  0]LogStats: UGameplayTagsManager::InitializeManager -  0.000 s
[2023.06.01-02.47.15:465][  0]LogInit: Initializing FReadOnlyCVARCache
[2023.06.01-02.47.15:472][  0]LogAIModule: Creating AISystem for world Untitled
[2023.06.01-02.47.15:522][  0]LogInit: XAudio2 using 'Headphones (Realtek(R) Audio)' : 2 channels at 48 kHz using 32 bits per sample (channel mask 0x3)
[2023.06.01-02.47.15:542][  0]LogInit: FAudioDevice initialized.
[2023.06.01-02.47.15:542][  0]LogNetVersion: Set ProjectVersion to 1.0.0.0. Version Checksum will be recalculated on next use.
[2023.06.01-02.47.15:592][  0]LogDerivedDataCache: Saved boot cache 0.05s 76MB C:/Users/kingo/AppData/Local/UnrealEngine/4.23/DerivedDataCache/Boot.ddc.
[2023.06.01-02.47.15:595][  0]LogInit: Texture streaming: Enabled
[2023.06.01-02.47.15:612][  0]LogEngineSessionManager: EngineSessionManager initialized
[2023.06.01-02.47.15:612][  0]LogEditorSessionSummary: Verbose: Initializing EditorSessionSummaryWriter for editor session tracking
[2023.06.01-02.47.15:619][  0]LogEditorSessionSummary: EditorSessionSummaryWriter initialized
[2023.06.01-02.47.15:666][  0]LogInit: Transaction tracking system initialized
[2023.06.01-02.47.15:684][  0]BlueprintLog: New page: Editor Load
[2023.06.01-02.47.15:727][  0]LocalizationService: Localization service is disabled
[2023.06.01-02.47.15:890][  0]LogFileCache: Scanning file cache for directory 'D:/Unreal Projects/portfolio-site/Unreal Project/Content/' took 0.00s
[2023.06.01-02.47.15:890][  0]LogCook: Display: Max memory allowance for cook 16384mb min free memory 0mb
[2023.06.01-02.47.15:890][  0]LogCook: Display: Mobile HDR setting 1
[2023.06.01-02.47.16:022][  0]SourceControl: Source control is disabled
[2023.06.01-02.47.16:023][  0]Cmd: MAP LOAD FILE="../../../../../Unreal Projects/portfolio-site/Unreal Project/Content/ThirdPersonBP/Maps/ThirdPersonExampleMap.umap" TEMPLATE=0 SHOWPROGRESS=1 FEATURELEVEL=3
[2023.06.01-02.47.16:023][  0]LightingResults: New page: Lighting Build
[2023.06.01-02.47.16:024][  0]LogWorld: UWorld::CleanupWorld for Untitled, bSessionEnded=true, bCleanupResources=true
[2023.06.01-02.47.16:024][  0]MapCheck: New page: Map Check
[2023.06.01-02.47.16:024][  0]LightingResults: New page: Lighting Build
[2023.06.01-02.47.16:058][  0]LogUObjectHash: Compacting FUObjectHashTables data took   1.37ms
[2023.06.01-02.47.16:276][  0]LogAIModule: Creating AISystem for world ThirdPersonExampleMap
[2023.06.01-02.47.16:286][  0]LogEditorServer: Finished looking for orphan Actors (0.000 secs)
[2023.06.01-02.47.16:314][  0]LogUObjectHash: Compacting FUObjectHashTables data took   1.66ms
[2023.06.01-02.47.16:314][  0]Cmd: MAP CHECKDEP NOCLEARLOG
[2023.06.01-02.47.16:314][  0]MapCheck: Map check complete: 0 Error(s), 0 Warning(s), took 0.077ms to complete.
[2023.06.01-02.47.16:314][  0]LogFileHelpers: Loading map 'ThirdPersonExampleMap' took 0.292
[2023.06.01-02.47.16:412][  0]LogSlate: Updating window title bar state: overlay mode, drag disabled, window buttons hidden, title bar hidden
[2023.06.01-02.47.16:419][  0]LogSlate: Updating window title bar state: overlay mode, drag disabled, window buttons hidden, title bar hidden
[2023.06.01-02.47.16:424][  0]LogSlate: Updating window title bar state: overlay mode, drag disabled, window buttons hidden, title bar hidden
[2023.06.01-02.47.16:428][  0]LogSlate: Updating window title bar state: overlay mode, drag disabled, window buttons hidden, title bar hidden
[2023.06.01-02.47.16:434][  0]LogCollectionManager: Loaded 0 collections in 0.000723 seconds
[2023.06.01-02.47.16:437][  0]LogFileCache: Scanning file cache for directory 'D:/Unreal Projects/portfolio-site/Unreal Project/Saved/Collections/' took 0.00s
[2023.06.01-02.47.16:437][  0]LogFileCache: Scanning file cache for directory 'D:/Unreal Projects/portfolio-site/Unreal Project/Content/Developers/kingo/Collections/' took 0.00s
[2023.06.01-02.47.16:437][  0]LogFileCache: Scanning file cache for directory 'D:/Unreal Projects/portfolio-site/Unreal Project/Content/Collections/' took 0.00s
[2023.06.01-02.47.16:437][  0]LogCollectionManager: Rebuilt the GUID cache for 0 collections in 0.000001 seconds
[2023.06.01-02.47.16:444][  0]LogContentBrowser: Native class hierarchy populated in 0.0067 seconds. Added 2863 classes and 680 folders.
[2023.06.01-02.47.16:447][  0]LogContentBrowser: Native class hierarchy updated for 'WidgetCarousel' in 0.0002 seconds. Added 0 classes and 0 folders.
[2023.06.01-02.47.16:485][  0]LogContentBrowser: Native class hierarchy updated for 'AddContentDialog' in 0.0002 seconds. Added 0 classes and 0 folders.
[2023.06.01-02.47.16:490][  0]LogContentBrowser: Native class hierarchy updated for 'SceneOutliner' in 0.0002 seconds. Added 1 classes and 2 folders.
[2023.06.01-02.47.17:269][  0]LogSlate: Only BGRA pngs, bmps or icos are supported in by External Image Picker
[2023.06.01-02.47.17:285][  0]LogSlate: Took 0.000180 seconds to synchronously load lazily loaded font '../../../Engine/Content/Slate/Fonts/Roboto-Bold.ttf' (160K)
[2023.06.01-02.47.17:286][  0]LogSlate: Took 0.000157 seconds to synchronously load lazily loaded font '../../../Engine/Content/Slate/Fonts/Roboto-Regular.ttf' (155K)
[2023.06.01-02.47.17:292][  0]LogContentBrowser: Native class hierarchy updated for 'HierarchicalLODOutliner' in 0.0002 seconds. Added 0 classes and 0 folders.
[2023.06.01-02.47.17:292][  0]LogLoad: (Engine Initialization) Total time: 7.16 seconds
[2023.06.01-02.47.17:292][  0]LogLoad: (Engine Initialization) Total Blueprint compile time: 0.00 seconds
[2023.06.01-02.47.17:425][  0]LogRenderer: Reallocating scene render targets to support 64x64 Format 10 NumSamples 1 (Frame:1).
[2023.06.01-02.47.17:425][  0]LogAssetRegistry: Asset discovery search completed in 4.4242 seconds
[2023.06.01-02.47.17:428][  0]LogCollectionManager: Rebuilt the object cache for 0 collections in 0.000004 seconds (found 0 objects)
[2023.06.01-02.47.17:428][  0]LogCollectionManager: Fixed up redirectors for 0 collections in 0.000079 seconds (updated 0 objects)
[2023.06.01-02.47.17:429][  0]LogContentStreaming: Texture pool size now 1000 MB
[2023.06.01-02.47.17:439][  0]LogSlate: Took 0.000221 seconds to synchronously load lazily loaded font '../../../Engine/Content/Editor/Slate/Fonts/FontAwesome.ttf' (139K)
[2023.06.01-02.47.17:512][  1]LogRenderer: Reallocating scene render targets to support 716x616 Format 10 NumSamples 1 (Frame:1).
[2023.06.01-02.47.18:319][ 47]LogSlate: Took 0.000211 seconds to synchronously load lazily loaded font '../../../Engine/Content/Slate/Fonts/Roboto-Light.ttf' (167K)
[2023.06.01-02.47.19:153][ 97]LogSlate: FSceneViewport::OnFocusLost() reason 0
[2023.06.01-02.47.19:252][103]LogSlate: Window 'Project Settings' being destroyed
[2023.06.01-02.47.19:256][103]LogSlate: Window 'Project Settings' being destroyed
[2023.06.01-02.47.21:188][218]LogSlate: FSceneViewport::OnFocusLost() reason 2
[2023.06.01-02.47.26:164][517]LogSlate: FSceneViewport::OnFocusLost() reason 0
[2023.06.01-02.47.28:976][685]LogAssetEditorManager: Opening Asset editor for Blueprint /Game/ThirdPersonBP/Blueprints/ThirdPersonCharacter.ThirdPersonCharacter
[2023.06.01-02.47.29:133][685]LogContentBrowser: Native class hierarchy updated for 'BlueprintGraph' in 0.0004 seconds. Added 121 classes and 0 folders.
[2023.06.01-02.47.29:684][685]LogSlate: Took 0.000277 seconds to synchronously load lazily loaded font '../../../Engine/Content/Slate/Fonts/Roboto-BoldCondensed.ttf' (158K)
[2023.06.01-02.47.29:745][686]LogSlate: Took 0.000255 seconds to synchronously load lazily loaded font '../../../Engine/Content/Slate/Fonts/Roboto-Italic.ttf' (157K)
[2023.06.01-02.47.34:017][894]LogSlate: Only BGRA pngs, bmps or icos are supported in by External Image Picker
[2023.06.01-02.47.45:633][584]LogSlate: Window 'Project Settings' being destroyed
[2023.06.01-02.47.45:637][584]LogSlate: Window 'Project Settings' being destroyed
[2023.06.01-02.47.50:142][847]LogUObjectHash: Compacting FUObjectHashTables data took   2.53ms
[2023.06.01-02.47.51:428][923]LogUObjectHash: Compacting FUObjectHashTables data took   0.75ms
[2023.06.01-02.47.52:623][995]LogSlate: FSceneViewport::OnFocusLost() reason 5
[2023.06.01-02.47.54:189][ 87]LogUObjectHash: Compacting FUObjectHashTables data took   0.74ms
[2023.06.01-02.47.57:862][ 87]UATHelper: Packaging (HTML5): Running AutomationTool...
[2023.06.01-02.47.57:862][ 87]UATHelper: Packaging (HTML5): Parsing command line: -ScriptsForProject="D:/Unreal Projects/portfolio-site/Unreal Project/Portfolio.uproject" BuildCookRun -nocompile -nocompileeditor -installed -nop4 -project="D:/Unreal Projects/portfolio-site/Unreal Project/Portfolio.uproject" -cook -stage -archive -archivedirectory="D:/Packaged Unreal" -package -clientconfig=Development -ue4exe=D:\Unreal\UE_4.23\Engine\Binaries\Win64\UE4Editor-Cmd.exe -prereqs -nodebuginfo -targetplatform=HTML5 -utf8output
[2023.06.01-02.47.57:986][ 96]UATHelper: Packaging (HTML5): Setting up ProjectParams for D:\Unreal Projects\portfolio-site\Unreal Project\Portfolio.uproject
[2023.06.01-02.47.58:182][107]LogSlate: FSceneViewport::OnFocusLost() reason 0
[2023.06.01-02.47.58:219][110]UATHelper: Packaging (HTML5): ********** COOK COMMAND STARTED **********
[2023.06.01-02.47.58:219][110]UATHelper: Packaging (HTML5): Running UE4Editor Cook for project D:\Unreal Projects\portfolio-site\Unreal Project\Portfolio.uproject
[2023.06.01-02.47.58:219][110]UATHelper: Packaging (HTML5): Commandlet log file is D:\Unreal\UE_4.23\Engine\Programs\AutomationTool\Saved\Cook-2023.05.31-22.47.58.txt
[2023.06.01-02.47.58:219][110]UATHelper: Packaging (HTML5): Running: D:\Unreal\UE_4.23\Engine\Binaries\Win64\UE4Editor-Cmd.exe "D:\Unreal Projects\portfolio-site\Unreal Project\Portfolio.uproject" -run=Cook  -TargetPlatform=HTML5 -fileopenlog -unversioned -abslog=D:\Unreal\UE_4.23\Engine\Programs\AutomationTool\Saved\Cook-2023.05.31-22.47.58.txt -stdout -CrashForUAT -unattended -NoLogTimes  -UTF8Output
[2023.06.01-02.47.58:590][113]UATHelper: Packaging (HTML5):   LogConsoleResponse: Display: Failed to find resolution value strings in scalability ini. Falling back to default.
[2023.06.01-02.47.58:591][113]UATHelper: Packaging (HTML5):   LogInit: Display: Running engine for game: Portfolio
[2023.06.01-02.47.59:256][115]UATHelper: Packaging (HTML5):   LogHAL: Display: Platform has ~ 32 GB [33720770560 / 34359738368 / 32], which maps to Largest [LargestMinGB=32, LargerMinGB=12, DefaultMinGB=8, SmallerMinGB=6, SmallestMinGB=0)
[2023.06.01-02.47.59:922][117]UATHelper: Packaging (HTML5):   LogTemp: Display: Module 'AllDesktopTargetPlatform' loaded TargetPlatform 'AllDesktop'
[2023.06.01-02.47.59:922][117]UATHelper: Packaging (HTML5):   LogTemp: Display: Module 'MacClientTargetPlatform' loaded TargetPlatform 'MacClient'
[2023.06.01-02.47.59:922][117]UATHelper: Packaging (HTML5):   LogTemp: Display: Module 'MacNoEditorTargetPlatform' loaded TargetPlatform 'MacNoEditor'
[2023.06.01-02.47.59:922][117]UATHelper: Packaging (HTML5):   LogTemp: Display: Module 'MacServerTargetPlatform' loaded TargetPlatform 'MacServer'
[2023.06.01-02.47.59:922][117]UATHelper: Packaging (HTML5):   LogTemp: Display: Module 'MacTargetPlatform' loaded TargetPlatform 'Mac'
[2023.06.01-02.47.59:922][117]UATHelper: Packaging (HTML5):   LogTemp: Display: Module 'WindowsClientTargetPlatform' loaded TargetPlatform 'WindowsClient'
[2023.06.01-02.47.59:922][117]UATHelper: Packaging (HTML5):   LogTemp: Display: Module 'WindowsNoEditorTargetPlatform' loaded TargetPlatform 'WindowsNoEditor'
[2023.06.01-02.47.59:922][117]UATHelper: Packaging (HTML5):   LogTemp: Display: Module 'WindowsServerTargetPlatform' loaded TargetPlatform 'WindowsServer'
[2023.06.01-02.47.59:922][117]UATHelper: Packaging (HTML5):   LogTemp: Display: Module 'WindowsTargetPlatform' loaded TargetPlatform 'Windows'
[2023.06.01-02.47.59:922][117]UATHelper: Packaging (HTML5):   LogTemp: Display: Module 'AndroidTargetPlatform' loaded TargetPlatform 'Android'
[2023.06.01-02.47.59:922][117]UATHelper: Packaging (HTML5):   LogTemp: Display: Module 'AndroidTargetPlatform' loaded TargetPlatform 'Android_ASTC'
[2023.06.01-02.47.59:922][117]UATHelper: Packaging (HTML5):   LogTemp: Display: Module 'AndroidTargetPlatform' loaded TargetPlatform 'Android_ATC'
[2023.06.01-02.47.59:922][117]UATHelper: Packaging (HTML5):   LogTemp: Display: Module 'AndroidTargetPlatform' loaded TargetPlatform 'Android_DXT'
[2023.06.01-02.47.59:922][117]UATHelper: Packaging (HTML5):   LogTemp: Display: Module 'AndroidTargetPlatform' loaded TargetPlatform 'Android_ETC1'
[2023.06.01-02.47.59:922][117]UATHelper: Packaging (HTML5):   LogTemp: Display: Module 'AndroidTargetPlatform' loaded TargetPlatform 'Android_ETC1a'
[2023.06.01-02.47.59:922][117]UATHelper: Packaging (HTML5):   LogTemp: Display: Module 'AndroidTargetPlatform' loaded TargetPlatform 'Android_ETC2'
[2023.06.01-02.47.59:922][117]UATHelper: Packaging (HTML5):   LogTemp: Display: Module 'AndroidTargetPlatform' loaded TargetPlatform 'Android_PVRTC'
[2023.06.01-02.47.59:922][117]UATHelper: Packaging (HTML5):   LogTemp: Display: Module 'AndroidTargetPlatform' loaded TargetPlatform 'AndroidClient'
[2023.06.01-02.47.59:922][117]UATHelper: Packaging (HTML5):   LogTemp: Display: Module 'AndroidTargetPlatform' loaded TargetPlatform 'Android_ASTCClient'
[2023.06.01-02.47.59:922][117]UATHelper: Packaging (HTML5):   LogTemp: Display: Module 'AndroidTargetPlatform' loaded TargetPlatform 'Android_ATCClient'
[2023.06.01-02.47.59:922][117]UATHelper: Packaging (HTML5):   LogTemp: Display: Module 'AndroidTargetPlatform' loaded TargetPlatform 'Android_DXTClient'
[2023.06.01-02.47.59:922][117]UATHelper: Packaging (HTML5):   LogTemp: Display: Module 'AndroidTargetPlatform' loaded TargetPlatform 'Android_ETC1Client'
[2023.06.01-02.47.59:922][117]UATHelper: Packaging (HTML5):   LogTemp: Display: Module 'AndroidTargetPlatform' loaded TargetPlatform 'Android_ETC1aClient'
[2023.06.01-02.47.59:922][117]UATHelper: Packaging (HTML5):   LogTemp: Display: Module 'AndroidTargetPlatform' loaded TargetPlatform 'Android_ETC2Client'
[2023.06.01-02.47.59:922][117]UATHelper: Packaging (HTML5):   LogTemp: Display: Module 'AndroidTargetPlatform' loaded TargetPlatform 'Android_PVRTCClient'
[2023.06.01-02.47.59:923][117]UATHelper: Packaging (HTML5):   LogTemp: Display: Module 'AndroidTargetPlatform' loaded TargetPlatform 'Android_Multi'
[2023.06.01-02.47.59:923][117]UATHelper: Packaging (HTML5):   LogTemp: Display: Module 'AndroidTargetPlatform' loaded TargetPlatform 'Android_MultiClient'
[2023.06.01-02.47.59:923][117]UATHelper: Packaging (HTML5):   LogTemp: Display: Module 'HTML5TargetPlatform' loaded TargetPlatform 'HTML5'
[2023.06.01-02.47.59:923][117]UATHelper: Packaging (HTML5):   LogTemp: Display: Module 'IOSTargetPlatform' loaded TargetPlatform 'IOSClient'
[2023.06.01-02.47.59:923][117]UATHelper: Packaging (HTML5):   LogTemp: Display: Module 'IOSTargetPlatform' loaded TargetPlatform 'IOS'
[2023.06.01-02.47.59:923][117]UATHelper: Packaging (HTML5):   LogTemp: Display: Module 'TVOSTargetPlatform' loaded TargetPlatform 'TVOSClient'
[2023.06.01-02.47.59:923][117]UATHelper: Packaging (HTML5):   LogTemp: Display: Module 'TVOSTargetPlatform' loaded TargetPlatform 'TVOS'
[2023.06.01-02.47.59:923][117]UATHelper: Packaging (HTML5):   LogTemp: Display: Module 'LinuxClientTargetPlatform' loaded TargetPlatform 'LinuxClient'
[2023.06.01-02.47.59:923][117]UATHelper: Packaging (HTML5):   LogTemp: Display: Module 'LinuxNoEditorTargetPlatform' loaded TargetPlatform 'LinuxNoEditor'
[2023.06.01-02.47.59:923][117]UATHelper: Packaging (HTML5):   LogTemp: Display: Module 'LinuxServerTargetPlatform' loaded TargetPlatform 'LinuxServer'
[2023.06.01-02.47.59:923][117]UATHelper: Packaging (HTML5):   LogTemp: Display: Module 'LinuxTargetPlatform' loaded TargetPlatform 'Linux'
[2023.06.01-02.47.59:923][117]UATHelper: Packaging (HTML5):   LogTemp: Display: Module 'LuminTargetPlatform' loaded TargetPlatform 'Lumin'
[2023.06.01-02.47.59:923][117]UATHelper: Packaging (HTML5):   LogTemp: Display: Module 'LuminTargetPlatform' loaded TargetPlatform 'LuminClient'
[2023.06.01-02.47.59:923][117]UATHelper: Packaging (HTML5):   LogTargetPlatformManager: Display: Building Assets For HTML5
[2023.06.01-02.47.59:923][117]UATHelper: Packaging (HTML5):   LogAudioDebug: Display: Lib vorbis DLL was dynamically loaded.
[2023.06.01-02.47.59:923][117]UATHelper: Packaging (HTML5):   LogShaderCompilers: Display: Using Local Shader Compiler.
[2023.06.01-02.48.00:262][118]UATHelper: Packaging (HTML5):   LogDerivedDataCache: Display: Max Cache Size: 512 MB
[2023.06.01-02.48.00:596][119]UATHelper: Packaging (HTML5):   LogDerivedDataCache: Display: Loaded Boot cache: C:/Users/kingo/AppData/Local/UnrealEngine/4.23/DerivedDataCache/Boot.ddc
[2023.06.01-02.48.00:596][119]UATHelper: Packaging (HTML5):   LogDerivedDataCache: Display: Pak cache opened for reading ../../../Engine/DerivedDataCache/Compressed.ddp.
[2023.06.01-02.48.01:596][122]UATHelper: Packaging (HTML5):   LogCook: Display: Max memory allowance for cook 16384mb min free memory 0mb
[2023.06.01-02.48.01:596][122]UATHelper: Packaging (HTML5):   LogCook: Display: Mobile HDR setting 1
[2023.06.01-02.48.01:596][122]UATHelper: Packaging (HTML5):   LogCook: Display: Creating asset registry
[2023.06.01-02.48.01:929][123]UATHelper: Packaging (HTML5):   LogCook: Display: Discovering localized assets
[2023.06.01-02.48.01:930][123]UATHelper: Packaging (HTML5):   LogCook: Display: Cooked content cleared for platform HTML5
[2023.06.01-02.48.01:930][123]UATHelper: Packaging (HTML5):   LogCook: Display: Unable to read previous cook inisettings for platform HTML5 invalidating cook
[2023.06.01-02.48.01:930][123]UATHelper: Packaging (HTML5):   LogCook: Display: Sandbox cleanup took 0.118 seconds for platforms HTML5  iterative false
[2023.06.01-02.48.02:603][125]UATHelper: Packaging (HTML5):   LogCook: Display: Cooked packages 0 Packages Remain 229 Total 229
[2023.06.01-02.48.02:603][125]UATHelper: Packaging (HTML5):   LogCook: Display: Cooked packages 50 Packages Remain 228 Total 278
[2023.06.01-02.48.02:937][126]UATHelper: Packaging (HTML5):   LogCook: Display: Cooked packages 100 Packages Remain 227 Total 327
[2023.06.01-02.48.03:269][127]UATHelper: Packaging (HTML5):   LogCook: Display: Cooked packages 150 Packages Remain 226 Total 376
[2023.06.01-02.48.03:269][127]UATHelper: Packaging (HTML5):   LogCook: Display: Excluding /OculusVR/Materials/OculusMR_WhiteMaterial -> D:/Unreal Projects/portfolio-site/Unreal Project/Saved/Cooked/HTML5/Engine/Plugins/Runtime/Oculus/OculusVR/Content/Materials/OculusMR_WhiteMaterial.uasset
[2023.06.01-02.48.03:269][127]UATHelper: Packaging (HTML5):   LogCook: Display: Excluding /OculusVR/Materials/OculusMR_ChromaKey -> D:/Unreal Projects/portfolio-site/Unreal Project/Saved/Cooked/HTML5/Engine/Plugins/Runtime/Oculus/OculusVR/Content/Materials/OculusMR_ChromaKey.uasset
[2023.06.01-02.48.03:269][127]UATHelper: Packaging (HTML5):   LogCook: Display: Cooked packages 200 Packages Remain 225 Total 425
[2023.06.01-02.48.03:269][127]UATHelper: Packaging (HTML5):   LogCook: Display: Excluding /OculusVR/Materials/OculusMR_ChromaKey_Lit -> D:/Unreal Projects/portfolio-site/Unreal Project/Saved/Cooked/HTML5/Engine/Plugins/Runtime/Oculus/OculusVR/Content/Materials/OculusMR_ChromaKey_Lit.uasset
[2023.06.01-02.48.03:269][127]UATHelper: Packaging (HTML5):   LogCook: Display: Excluding /OculusVR/Materials/OculusMR_OpaqueColoredMaterial -> D:/Unreal Projects/portfolio-site/Unreal Project/Saved/Cooked/HTML5/Engine/Plugins/Runtime/Oculus/OculusVR/Content/Materials/OculusMR_OpaqueColoredMaterial.uasset
[2023.06.01-02.48.03:269][127]UATHelper: Packaging (HTML5):   LogCook: Display: Excluding /OculusVR/OculusMR_RenderTarget -> D:/Unreal Projects/portfolio-site/Unreal Project/Saved/Cooked/HTML5/Engine/Plugins/Runtime/Oculus/OculusVR/Content/OculusMR_RenderTarget.uasset
[2023.06.01-02.48.03:269][127]UATHelper: Packaging (HTML5):   LogCook: Display: Cooked packages 210 Packages Remain 224 Total 434
[2023.06.01-02.48.03:269][127]UATHelper: Packaging (HTML5):   LogCook: Display: Cooked packages 211 Packages Remain 223 Total 434
[2023.06.01-02.48.03:269][127]UATHelper: Packaging (HTML5):   LogCook: Display: Cooked packages 212 Packages Remain 222 Total 434
[2023.06.01-02.48.03:605][128]UATHelper: Packaging (HTML5):   LogCook: Display: Cooked packages 213 Packages Remain 221 Total 434
[2023.06.01-02.48.03:605][128]UATHelper: Packaging (HTML5):   LogCook: Display: Cooked packages 215 Packages Remain 220 Total 435
[2023.06.01-02.48.03:605][128]UATHelper: Packaging (HTML5):   LogCook: Display: Cooked packages 216 Packages Remain 219 Total 435
[2023.06.01-02.48.03:605][128]UATHelper: Packaging (HTML5):   LogCook: Display: Cooked packages 216 Packages Remain 77 Total 293
[2023.06.01-02.48.03:605][128]UATHelper: Packaging (HTML5):   LogCook: Display: Cooked packages 230 Packages Remain 76 Total 306
[2023.06.01-02.48.03:605][128]UATHelper: Packaging (HTML5):   LogCook: Display: Cooked packages 231 Packages Remain 75 Total 306
[2023.06.01-02.48.03:605][128]UATHelper: Packaging (HTML5):   LogCook: Display: Cooked packages 234 Packages Remain 74 Total 308
[2023.06.01-02.48.03:606][128]UATHelper: Packaging (HTML5):   LogCook: Display: Cooked packages 237 Packages Remain 69 Total 306
[2023.06.01-02.48.03:606][128]UATHelper: Packaging (HTML5):   LogCook: Display: Cooked packages 238 Packages Remain 66 Total 304
[2023.06.01-02.48.03:606][128]UATHelper: Packaging (HTML5):   LogCook: Display: Cooked packages 239 Packages Remain 65 Total 304
[2023.06.01-02.48.03:606][128]UATHelper: Packaging (HTML5):   LogCook: Display: Cooked packages 240 Packages Remain 64 Total 304
[2023.06.01-02.48.03:606][128]UATHelper: Packaging (HTML5):   LogCook: Display: Cooked packages 241 Packages Remain 61 Total 302
[2023.06.01-02.48.03:606][128]UATHelper: Packaging (HTML5):   LogCook: Display: Cooked packages 242 Packages Remain 60 Total 302
[2023.06.01-02.48.03:606][128]UATHelper: Packaging (HTML5):   LogCook: Display: Cooked packages 243 Packages Remain 59 Total 302
[2023.06.01-02.48.03:606][128]UATHelper: Packaging (HTML5):   LogCook: Display: Cooked packages 244 Packages Remain 58 Total 302
[2023.06.01-02.48.03:606][128]UATHelper: Packaging (HTML5):   LogCook: Display: Cooked packages 245 Packages Remain 54 Total 299
[2023.06.01-02.48.03:606][128]UATHelper: Packaging (HTML5):   LogCook: Display: Cooked packages 246 Packages Remain 52 Total 298
[2023.06.01-02.48.03:606][128]UATHelper: Packaging (HTML5):   LogCook: Display: Cooked packages 247 Packages Remain 21 Total 268
[2023.06.01-02.48.03:606][128]UATHelper: Packaging (HTML5):   LogCook: Display: Cooked packages 247 Packages Remain 0 Total 247
[2023.06.01-02.48.03:606][128]UATHelper: Packaging (HTML5):   LogCook: Display: Finishing up...
[2023.06.01-02.48.03:606][128]UATHelper: Packaging (HTML5):   LogBlueprintCodeGen: Display: Nativization Summary - AnimBP:
[2023.06.01-02.48.03:606][128]UATHelper: Packaging (HTML5):   LogBlueprintCodeGen: Display: Name, Children, Non-empty Functions (Empty Functions), Variables, FunctionUsage, VariableUsage
[2023.06.01-02.48.03:606][128]UATHelper: Packaging (HTML5):   LogBlueprintCodeGen: Display: Nativization Summary - Shared Variables From Graph: 0
[2023.06.01-02.48.03:606][128]UATHelper: Packaging (HTML5):   LogAssetRegistryGenerator: Display: Saving asset registry.
[2023.06.01-02.48.03:606][128]UATHelper: Packaging (HTML5):   LogAssetRegistryGenerator: Display: Generated asset registry num assets 230, size is 101.79kb
[2023.06.01-02.48.03:606][128]UATHelper: Packaging (HTML5):   LogAssetRegistryGenerator: Display: Done saving asset registry.
[2023.06.01-02.48.03:606][128]UATHelper: Packaging (HTML5):   LogCook: Display: Cook by the book total time in tick 1.029284s total time 1.858183
[2023.06.01-02.48.03:606][128]UATHelper: Packaging (HTML5):   LogCook: Display: Peak Used virtual 592MB Peak Used physical 565MB
[2023.06.01-02.48.03:606][128]UATHelper: Packaging (HTML5):   LogCook: Display: Hierarchy Timer Information:
[2023.06.01-02.48.03:606][128]UATHelper: Packaging (HTML5):   LogCook: Display:   Root: 0.000s (0)
[2023.06.01-02.48.03:606][128]UATHelper: Packaging (HTML5):   LogCook: Display:     StartCookByTheBookTime: 0.786s (1)
[2023.06.01-02.48.03:606][128]UATHelper: Packaging (HTML5):   LogCook: Display:       GenerateAssetRegistryTime: 0.113s (1)
[2023.06.01-02.48.03:606][128]UATHelper: Packaging (HTML5):   LogCook: Display:       CleanSandboxTime: 0.118s (1)
[2023.06.01-02.48.03:606][128]UATHelper: Packaging (HTML5):   LogCook: Display:         ProcessingAccessedStrings: 0.004s (1)
[2023.06.01-02.48.03:606][128]UATHelper: Packaging (HTML5):   LogCook: Display:       CollectFilesToCook: 0.164s (1)
[2023.06.01-02.48.03:606][128]UATHelper: Packaging (HTML5):   LogCook: Display:         CookModificationDelegate: 0.000s (1)
[2023.06.01-02.48.03:606][128]UATHelper: Packaging (HTML5):   LogCook: Display:         GeneratePackageNames: 0.000s (1)
[2023.06.01-02.48.03:606][128]UATHelper: Packaging (HTML5):   LogCook: Display:       GenerateLongPackageName: 0.000s (1)
[2023.06.01-02.48.03:606][128]UATHelper: Packaging (HTML5):   LogCook: Display:     TickCookOnTheSide: 1.024s (40)
[2023.06.01-02.48.03:606][128]UATHelper: Packaging (HTML5):   LogCook: Display:       LoadPackage: 0.221s (40)
[2023.06.01-02.48.03:606][128]UATHelper: Packaging (HTML5):   LogCook: Display:       CallBeginCacheForCookedPlatformData: 0.049s (40)
[2023.06.01-02.48.03:606][128]UATHelper: Packaging (HTML5):   LogCook: Display:       PostLoadPackageFixup: 0.000s (40)
[2023.06.01-02.48.03:606][128]UATHelper: Packaging (HTML5):   LogCook: Display:       SavingPackages: 0.753s (24)
[2023.06.01-02.48.03:606][128]UATHelper: Packaging (HTML5):   LogCook: Display:         PrecachePlatformDataForNextPackage: 0.001s (232)
[2023.06.01-02.48.03:606][128]UATHelper: Packaging (HTML5):   LogCook: Display:         PrecachePlatformDataForNextNextPackage: 0.289s (228)
[2023.06.01-02.48.03:606][128]UATHelper: Packaging (HTML5):   LogCook: Display:         SaveCookedPackage: 0.455s (247)
[2023.06.01-02.48.03:606][128]UATHelper: Packaging (HTML5):   LogCook: Display:           LoadPackage: 0.000s (242)
[2023.06.01-02.48.03:606][128]UATHelper: Packaging (HTML5):   LogCook: Display:           GEditorSavePackage: 0.444s (242)
[2023.06.01-02.48.03:606][128]UATHelper: Packaging (HTML5):   LogCook: Display:             ConvertingBlueprints: 0.003s (242)
[2023.06.01-02.48.03:606][128]UATHelper: Packaging (HTML5):   LogCook: Display:             VerifyCanCookPackage: 0.001s (230)
[2023.06.01-02.48.03:606][128]UATHelper: Packaging (HTML5):   LogCook: Display:         ClearAllCachedCookedPlatformData: 0.004s (247)
[2023.06.01-02.48.03:606][128]UATHelper: Packaging (HTML5):   LogCook: Display:         EnqueueUnsavedPackages: 0.000s (5)
[2023.06.01-02.48.03:606][128]UATHelper: Packaging (HTML5):   LogCook: Display:     GeneratingBlueprintAssets: 0.002s (1)
[2023.06.01-02.48.03:606][128]UATHelper: Packaging (HTML5):   LogCook: Display:     SavingCurrentIniSettings: 0.022s (1)
[2023.06.01-02.48.03:606][128]UATHelper: Packaging (HTML5):   LogCook: Display:       ProcessingAccessedStrings: 0.003s (1)
[2023.06.01-02.48.03:606][128]UATHelper: Packaging (HTML5):   LogCook: Display:     SavingAssetRegistry: 0.016s (1)
[2023.06.01-02.48.03:606][128]UATHelper: Packaging (HTML5):   LogCook: Display:       BuildChunkManifest: 0.006s (1)
[2023.06.01-02.48.03:606][128]UATHelper: Packaging (HTML5):   LogCook: Display:       SaveManifests: 0.002s (1)
[2023.06.01-02.48.03:606][128]UATHelper: Packaging (HTML5):   LogCook: Display:       SaveRealAssetRegistry: 0.007s (1)
[2023.06.01-02.48.03:606][128]UATHelper: Packaging (HTML5):   LogCook: Display:       WriteCookerOpenOrder: 0.001s (1)
[2023.06.01-02.48.03:606][128]UATHelper: Packaging (HTML5):   LogCook: Display: Done!
[2023.06.01-02.48.03:606][128]UATHelper: Packaging (HTML5):   LogSavePackage: Display: Took 0.001216s to verify the EDL loading graph.
[2023.06.01-02.48.03:606][128]UATHelper: Packaging (HTML5):   LogCookCommandlet: Display: Misc Cook Stats
[2023.06.01-02.48.03:606][128]UATHelper: Packaging (HTML5):   LogCookCommandlet: Display: ===============
[2023.06.01-02.48.03:606][128]UATHelper: Packaging (HTML5):   LogCookCommandlet: Display: ShaderCompiler
[2023.06.01-02.48.03:606][128]UATHelper: Packaging (HTML5):   LogCookCommandlet: Display:     BlockingTimeSec=0.000000
[2023.06.01-02.48.03:606][128]UATHelper: Packaging (HTML5):   LogCookCommandlet: Display:     AsyncCompileTimeSec=0.000000
[2023.06.01-02.48.03:606][128]UATHelper: Packaging (HTML5):   LogCookCommandlet: Display:     GlobalBeginCompileShaderTimeSec=0.000000
[2023.06.01-02.48.03:606][128]UATHelper: Packaging (HTML5):   LogCookCommandlet: Display:     GlobalBeginCompileShaderCalls=0
[2023.06.01-02.48.03:606][128]UATHelper: Packaging (HTML5):   LogCookCommandlet: Display:     ProcessAsyncResultsTimeSec=0.000035
[2023.06.01-02.48.03:606][128]UATHelper: Packaging (HTML5):   LogCookCommandlet: Display: GlobalShader.Misc
[2023.06.01-02.48.03:606][128]UATHelper: Packaging (HTML5):   LogCookCommandlet: Display:     ShadersCompiled=0
[2023.06.01-02.48.03:606][128]UATHelper: Packaging (HTML5):   LogCookCommandlet: Display: MeshMaterial.Misc
[2023.06.01-02.48.03:606][128]UATHelper: Packaging (HTML5):   LogCookCommandlet: Display:     ShadersCompiled=0
[2023.06.01-02.48.03:606][128]UATHelper: Packaging (HTML5):   LogCookCommandlet: Display: MaterialShader.Misc
[2023.06.01-02.48.03:606][128]UATHelper: Packaging (HTML5):   LogCookCommandlet: Display:     ShadersCompiled=0
[2023.06.01-02.48.03:606][128]UATHelper: Packaging (HTML5):   LogCookCommandlet: Display: Package.Load
[2023.06.01-02.48.03:606][128]UATHelper: Packaging (HTML5):   LogCookCommandlet: Display:     NumPackagesLoaded=164
[2023.06.01-02.48.03:606][128]UATHelper: Packaging (HTML5):   LogCookCommandlet: Display:     LoadPackageTimeSec=0.515506
[2023.06.01-02.48.03:606][128]UATHelper: Packaging (HTML5):   LogCookCommandlet: Display: Package.Save
[2023.06.01-02.48.03:606][128]UATHelper: Packaging (HTML5):   LogCookCommandlet: Display:     NumPackagesSaved=242
[2023.06.01-02.48.03:606][128]UATHelper: Packaging (HTML5):   LogCookCommandlet: Display:     SavePackageTimeSec=0.430657
[2023.06.01-02.48.03:606][128]UATHelper: Packaging (HTML5):   LogCookCommandlet: Display:     TagPackageExportsPresaveTimeSec=0.077458
[2023.06.01-02.48.03:606][128]UATHelper: Packaging (HTML5):   LogCookCommandlet: Display:     TagPackageExportsTimeSec=0.023135
[2023.06.01-02.48.03:606][128]UATHelper: Packaging (HTML5):   LogCookCommandlet: Display:     ResetLoadersForSaveTimeSec=0.000504
[2023.06.01-02.48.03:606][128]UATHelper: Packaging (HTML5):   LogCookCommandlet: Display:     TagPackageExportsGetObjectsWithOuter=0.000939
[2023.06.01-02.48.03:606][128]UATHelper: Packaging (HTML5):   LogCookCommandlet: Display:     TagPackageExportsGetObjectsWithMarks=0.000107
[2023.06.01-02.48.03:606][128]UATHelper: Packaging (HTML5):   LogCookCommandlet: Display:     SerializeImportsTimeSec=0.000000
[2023.06.01-02.48.03:606][128]UATHelper: Packaging (HTML5):   LogCookCommandlet: Display:     SortExportsSeekfreeInnerTimeSec=0.039580
[2023.06.01-02.48.03:606][128]UATHelper: Packaging (HTML5):   LogCookCommandlet: Display:     SerializeExportsTimeSec=0.043577
[2023.06.01-02.48.03:606][128]UATHelper: Packaging (HTML5):   LogCookCommandlet: Display:     SerializeBulkDataTimeSec=0.000000
[2023.06.01-02.48.03:606][128]UATHelper: Packaging (HTML5):   LogCookCommandlet: Display:     AsyncWriteTimeSec=0.142151
[2023.06.01-02.48.03:606][128]UATHelper: Packaging (HTML5):   LogCookCommandlet: Display:     MBWritten=83.460126
[2023.06.01-02.48.03:606][128]UATHelper: Packaging (HTML5):   LogCookCommandlet: Display: Package.DifferentPackagesSizeMBPerAsset
[2023.06.01-02.48.03:606][128]UATHelper: Packaging (HTML5):   LogCookCommandlet: Display: Package.NumberOfDifferencesInPackagesPerAsset
[2023.06.01-02.48.03:606][128]UATHelper: Packaging (HTML5):   LogCookCommandlet: Display: Package.PackageDifferencesSizeMBPerAsset
[2023.06.01-02.48.03:606][128]UATHelper: Packaging (HTML5):   LogCookCommandlet: Display: Package.DiffTotal
[2023.06.01-02.48.03:606][128]UATHelper: Packaging (HTML5):   LogCookCommandlet: Display:     NumberOfDifferentPackages=0
[2023.06.01-02.48.03:606][128]UATHelper: Packaging (HTML5):   LogCookCommandlet: Display:     DifferentPackagesSizeMB=0.000000
[2023.06.01-02.48.03:606][128]UATHelper: Packaging (HTML5):   LogCookCommandlet: Display:     NumberOfDifferencesInPackages=0
[2023.06.01-02.48.03:606][128]UATHelper: Packaging (HTML5):   LogCookCommandlet: Display:     PackageDifferencesSizeMB=0.000000
[2023.06.01-02.48.03:606][128]UATHelper: Packaging (HTML5):   LogCookCommandlet: Display:
[2023.06.01-02.48.03:606][128]UATHelper: Packaging (HTML5):   LogCookCommandlet: Display: Cook Profile
[2023.06.01-02.48.03:606][128]UATHelper: Packaging (HTML5):   LogCookCommandlet: Display: ============
[2023.06.01-02.48.03:606][128]UATHelper: Packaging (HTML5):   LogCookCommandlet: Display:  0.CookWallTimeSec=5.098226
[2023.06.01-02.48.03:606][128]UATHelper: Packaging (HTML5):   LogCookCommandlet: Display:  0. 0.StartupWallTimeSec=3.233273
[2023.06.01-02.48.03:607][128]UATHelper: Packaging (HTML5):   LogCookCommandlet: Display:  0. 1.CookByTheBookTimeSec=1.864935
[2023.06.01-02.48.03:607][128]UATHelper: Packaging (HTML5):   LogCookCommandlet: Display:  0. 1. 0.StartCookByTheBookTimeSec=0.786286
[2023.06.01-02.48.03:607][128]UATHelper: Packaging (HTML5):   LogCookCommandlet: Display:  0. 1. 0. 0.GameCookModificationDelegateTimeSec=0.000011
[2023.06.01-02.48.03:607][128]UATHelper: Packaging (HTML5):   LogCookCommandlet: Display:  0. 1. 1.TickCookOnTheSideTimeSec=1.074158
[2023.06.01-02.48.03:607][128]UATHelper: Packaging (HTML5):   LogCookCommandlet: Display:  0. 1. 1. 0.TickCookOnTheSideLoadPackagesTimeSec=0.221262
[2023.06.01-02.48.03:607][128]UATHelper: Packaging (HTML5):   LogCookCommandlet: Display:  0. 1. 1. 1.TickCookOnTheSideSaveCookedPackageTimeSec=0.454694
[2023.06.01-02.48.03:607][128]UATHelper: Packaging (HTML5):   LogCookCommandlet: Display:  0. 1. 1. 1. 0.TickCookOnTheSideResolveRedirectorsTimeSec=0.000000
[2023.06.01-02.48.03:607][128]UATHelper: Packaging (HTML5):   LogCookCommandlet: Display:  0. 1. 1. 2.TickCookOnTheSideBeginPackageCacheForCookedPlatformDataTimeSec=0.338276
[2023.06.01-02.48.03:607][128]UATHelper: Packaging (HTML5):   LogCookCommandlet: Display:  0. 1. 1. 3.TickCookOnTheSideFinishPackageCacheForCookedPlatformDataTimeSec=0.003540
[2023.06.01-02.48.03:607][128]UATHelper: Packaging (HTML5):   LogCookCommandlet: Display:  0. 1. 2.TickLoopGCTimeSec=0.000000
[2023.06.01-02.48.03:607][128]UATHelper: Packaging (HTML5):   LogCookCommandlet: Display:  0. 1. 3.TickLoopRecompileShaderRequestsTimeSec=0.000012
[2023.06.01-02.48.03:607][128]UATHelper: Packaging (HTML5):   LogCookCommandlet: Display:  0. 1. 4.TickLoopShaderProcessAsyncResultsTimeSec=0.000008
[2023.06.01-02.48.03:607][128]UATHelper: Packaging (HTML5):   LogCookCommandlet: Display:  0. 1. 5.TickLoopProcessDeferredCommandsTimeSec=0.000015
[2023.06.01-02.48.03:607][128]UATHelper: Packaging (HTML5):   LogCookCommandlet: Display:  0. 1. 6.TickLoopTickCommandletStatsTimeSec=0.000002
[2023.06.01-02.48.03:607][128]UATHelper: Packaging (HTML5):   LogCookCommandlet: Display:
[2023.06.01-02.48.03:607][128]UATHelper: Packaging (HTML5):   LogCookCommandlet: Display: DDC Summary Stats
[2023.06.01-02.48.03:607][128]UATHelper: Packaging (HTML5):   LogCookCommandlet: Display: =================
[2023.06.01-02.48.03:607][128]UATHelper: Packaging (HTML5):   LogCookCommandlet: Display: TotalGetHits  =       485
[2023.06.01-02.48.03:607][128]UATHelper: Packaging (HTML5):   LogCookCommandlet: Display: TotalGets     =       485
[2023.06.01-02.48.03:607][128]UATHelper: Packaging (HTML5):   LogCookCommandlet: Display: TotalGetHitPct=  1.000000
[2023.06.01-02.48.03:607][128]UATHelper: Packaging (HTML5):   LogCookCommandlet: Display: LocalGetHitPct=  0.494845
[2023.06.01-02.48.03:607][128]UATHelper: Packaging (HTML5):   LogCookCommandlet: Display: SharedGetHitPct=  0.000000
[2023.06.01-02.48.03:607][128]UATHelper: Packaging (HTML5):   LogCookCommandlet: Display: OtherGetHitPct=  0.505155
[2023.06.01-02.48.03:607][128]UATHelper: Packaging (HTML5):   LogCookCommandlet: Display: GetMissPct    =  0.000000
[2023.06.01-02.48.03:607][128]UATHelper: Packaging (HTML5):   LogCookCommandlet: Display: TotalPutHits  =         0
[2023.06.01-02.48.03:607][128]UATHelper: Packaging (HTML5):   LogCookCommandlet: Display: TotalPuts     =         0
[2023.06.01-02.48.03:607][128]UATHelper: Packaging (HTML5):   LogCookCommandlet: Display: TotalPutHitPct= -nan(ind)
[2023.06.01-02.48.03:607][128]UATHelper: Packaging (HTML5):   LogCookCommandlet: Display: PutMissPct    = -nan(ind)
[2023.06.01-02.48.03:607][128]UATHelper: Packaging (HTML5):   LogCookCommandlet: Display:
[2023.06.01-02.48.03:607][128]UATHelper: Packaging (HTML5):   LogCookCommandlet: Display: DDC Resource Stats
[2023.06.01-02.48.03:607][128]UATHelper: Packaging (HTML5):   LogCookCommandlet: Display: =======================================================================================================
[2023.06.01-02.48.03:607][128]UATHelper: Packaging (HTML5):   LogCookCommandlet: Display: Asset Type                          Total Time (Sec)  GameThread Time (Sec)  Assets Built  MB Processed
[2023.06.01-02.48.03:607][128]UATHelper: Packaging (HTML5):   LogCookCommandlet: Display: ----------------------------------  ----------------  ---------------------  ------------  ------------
[2023.06.01-02.48.03:607][128]UATHelper: Packaging (HTML5):   LogCookCommandlet: Display: MaterialShader                                  0.09                   0.09             0          6.63
[2023.06.01-02.48.03:607][128]UATHelper: Packaging (HTML5):   LogCookCommandlet: Display: Texture (Streaming)                             0.04                   0.00             0         28.07
[2023.06.01-02.48.03:607][128]UATHelper: Packaging (HTML5):   LogCookCommandlet: Display: Texture (Inline)                                0.03                   0.03             0         38.15
[2023.06.01-02.48.03:607][128]UATHelper: Packaging (HTML5):   LogCookCommandlet: Display: SkeletalMesh                                    0.02                   0.02             0          6.27
[2023.06.01-02.48.03:607][128]UATHelper: Packaging (HTML5):   LogCookCommandlet: Display: StaticMesh                                      0.02                   0.02             0          1.11
[2023.06.01-02.48.03:607][128]UATHelper: Packaging (HTML5):   LogCookCommandlet: Display: PhysX (BodySetup)                               0.01                   0.01             0          0.78
[2023.06.01-02.48.03:607][128]UATHelper: Packaging (HTML5):   LogCookCommandlet: Display: GlobalShader                                    0.00                   0.00             0          0.44
[2023.06.01-02.48.03:607][128]UATHelper: Packaging (HTML5):   LogCookCommandlet: Display: NavCollision                                    0.00                   0.00             0          0.03
[2023.06.01-02.48.03:607][128]UATHelper: Packaging (HTML5):   LogCookCommandlet: Display: SoundWave                                       0.00                   0.00             0          0.03
[2023.06.01-02.48.03:607][128]UATHelper: Packaging (HTML5):   LogInit: Display:
[2023.06.01-02.48.03:607][128]UATHelper: Packaging (HTML5):   LogInit: Display: Success - 0 error(s), 0 warning(s)
[2023.06.01-02.48.03:607][128]UATHelper: Packaging (HTML5):   LogInit: Display:
[2023.06.01-02.48.03:607][128]UATHelper: Packaging (HTML5):   
[2023.06.01-02.48.03:607][128]UATHelper: Packaging (HTML5):   Execution of commandlet took:  1.88 seconds
[2023.06.01-02.48.04:273][130]UATHelper: Packaging (HTML5):   FGlobalDynamicReadBuffer::Cleanup()
[2023.06.01-02.48.04:273][130]UATHelper: Packaging (HTML5):   FGlobalDynamicReadBuffer::Cleanup()
[2023.06.01-02.48.04:273][130]UATHelper: Packaging (HTML5):   FGlobalDynamicReadBuffer::Cleanup()
[2023.06.01-02.48.04:273][130]UATHelper: Packaging (HTML5): Took 5.7650038s to run UE4Editor-Cmd.exe, ExitCode=0
[2023.06.01-02.48.04:273][130]UATHelper: Packaging (HTML5): ********** COOK COMMAND COMPLETED **********
[2023.06.01-02.48.04:273][130]UATHelper: Packaging (HTML5): ********** STAGE COMMAND STARTED **********
[2023.06.01-02.48.04:273][130]UATHelper: Packaging (HTML5): Creating UE4CommandLine.txt
[2023.06.01-02.48.04:273][130]UATHelper: Packaging (HTML5): Creating Staging Manifest...
[2023.06.01-02.48.04:273][130]UATHelper: Packaging (HTML5): Excluding config file D:\Unreal\UE_4.23\Engine\Config\BaseEditor.ini
[2023.06.01-02.48.04:273][130]UATHelper: Packaging (HTML5): Excluding config file D:\Unreal\UE_4.23\Engine\Config\BaseEditorKeyBindings.ini
[2023.06.01-02.48.04:273][130]UATHelper: Packaging (HTML5): Excluding config file D:\Unreal\UE_4.23\Engine\Config\BaseEditorLayout.ini
[2023.06.01-02.48.04:273][130]UATHelper: Packaging (HTML5): Excluding config file D:\Unreal\UE_4.23\Engine\Config\BaseEditorPerProjectUserSettings.ini
[2023.06.01-02.48.04:273][130]UATHelper: Packaging (HTML5): Excluding config file D:\Unreal\UE_4.23\Engine\Config\BaseEditorSettings.ini
[2023.06.01-02.48.04:273][130]UATHelper: Packaging (HTML5): Excluding config file D:\Unreal\UE_4.23\Engine\Config\BaseLightmass.ini
[2023.06.01-02.48.04:273][130]UATHelper: Packaging (HTML5): Excluding config file D:\Unreal\UE_4.23\Engine\Config\BasePakFileRules.ini
[2023.06.01-02.48.04:273][130]UATHelper: Packaging (HTML5): Excluding config file D:\Unreal\UE_4.23\Engine\Config\Localization\Category.ini
[2023.06.01-02.48.04:273][130]UATHelper: Packaging (HTML5): Excluding config file D:\Unreal\UE_4.23\Engine\Config\Localization\Editor.ini
[2023.06.01-02.48.04:273][130]UATHelper: Packaging (HTML5): Excluding config file D:\Unreal\UE_4.23\Engine\Config\Localization\EditorTutorials.ini
[2023.06.01-02.48.04:273][130]UATHelper: Packaging (HTML5): Excluding config file D:\Unreal\UE_4.23\Engine\Config\Localization\Engine.ini
[2023.06.01-02.48.04:273][130]UATHelper: Packaging (HTML5): Excluding config file D:\Unreal\UE_4.23\Engine\Config\Localization\Keywords.ini
[2023.06.01-02.48.04:273][130]UATHelper: Packaging (HTML5): Excluding config file D:\Unreal\UE_4.23\Engine\Config\Localization\PortableObjectExport.ini
[2023.06.01-02.48.04:273][130]UATHelper: Packaging (HTML5): Excluding config file D:\Unreal\UE_4.23\Engine\Config\Localization\PortableObjectImport.ini
[2023.06.01-02.48.04:273][130]UATHelper: Packaging (HTML5): Excluding config file D:\Unreal\UE_4.23\Engine\Config\Localization\PropertyNames.ini
[2023.06.01-02.48.04:273][130]UATHelper: Packaging (HTML5): Excluding config file D:\Unreal\UE_4.23\Engine\Config\Localization\RepairData.ini
[2023.06.01-02.48.04:273][130]UATHelper: Packaging (HTML5): Excluding config file D:\Unreal\UE_4.23\Engine\Config\Localization\ToolTips.ini
[2023.06.01-02.48.04:273][130]UATHelper: Packaging (HTML5): Excluding config file D:\Unreal\UE_4.23\Engine\Config\Localization\WordCount.ini
[2023.06.01-02.48.04:273][130]UATHelper: Packaging (HTML5): Excluding config file D:\Unreal Projects\portfolio-site\Unreal Project\Config\DefaultEditor.ini
[2023.06.01-02.48.04:273][130]UATHelper: Packaging (HTML5): Excluding config file D:\Unreal Projects\portfolio-site\Unreal Project\Config\DefaultEditorPerProjectUserSettings.ini
[2023.06.01-02.48.04:273][130]UATHelper: Packaging (HTML5): Cleaning Stage Directory: D:\Unreal Projects\portfolio-site\Unreal Project\Saved\StagedBuilds\HTML5
[2023.06.01-02.48.04:273][130]UATHelper: Packaging (HTML5): Creating pak using staging manifest.
[2023.06.01-02.48.04:273][130]UATHelper: Packaging (HTML5): Executing 1 UnrealPak command...
[2023.06.01-02.48.05:607][134]UATHelper: Packaging (HTML5): Waiting for child processes to complete (1/1)
[2023.06.01-02.48.05:607][134]UATHelper: Packaging (HTML5): Output from: "D:\Unreal Projects\portfolio-site\Unreal Project\Portfolio.uproject" "D:\Unreal Projects\portfolio-site\Unreal Project\Saved\StagedBuilds\HTML5\Portfolio\Content\Paks\Portfolio-HTML5.pak" -create="C:\Users\kingo\AppData\Roaming\Unreal Engine\AutomationTool\Logs\D+Unreal+UE_4.23\PakList_Portfolio-HTML5.txt" -cryptokeys="D:\Unreal Projects\portfolio-site\Unreal Project\Saved\Cooked\HTML5\Portfolio\Metadata\Crypto.json" -order="D:\Unreal Projects\portfolio-site\Unreal Project\Build\HTML5\FileOpenOrder\CookerOpenOrder.log"  -multiprocess -abslog="C:\Users\kingo\AppData\Roaming\Unreal Engine\AutomationTool\Logs\D+Unreal+UE_4.23\UnrealPak-Portfolio-HTML5-2023.05.31-22.48.04.txt"
[2023.06.01-02.48.05:607][134]UATHelper: Packaging (HTML5):   LogPakFile: Display: Parsing crypto keys from a crypto key cache file
[2023.06.01-02.48.05:607][134]UATHelper: Packaging (HTML5):   LogPakFile: Display: Loading response file C:\Users\kingo\AppData\Roaming\Unreal Engine\AutomationTool\Logs\D+Unreal+UE_4.23\PakList_Portfolio-HTML5.txt
[2023.06.01-02.48.05:607][134]UATHelper: Packaging (HTML5):   LogPakFile: Display: Added 1305 entries to add to pak file.
[2023.06.01-02.48.05:607][134]UATHelper: Packaging (HTML5):   LogPakFile: Display: Loading pak order file D:\Unreal Projects\portfolio-site\Unreal Project\Build\HTML5\FileOpenOrder\CookerOpenOrder.log...
[2023.06.01-02.48.05:607][134]UATHelper: Packaging (HTML5):   LogPakFile: Display: Finished loading pak order file D:\Unreal Projects\portfolio-site\Unreal Project\Build\HTML5\FileOpenOrder\CookerOpenOrder.log.
[2023.06.01-02.48.05:607][134]UATHelper: Packaging (HTML5):   LogPakFile: Display: Collecting files to add to pak file...
[2023.06.01-02.48.05:607][134]UATHelper: Packaging (HTML5):   LogPakFile: Display: Collected 1305 files in 0.01s.
[2023.06.01-02.48.05:607][134]UATHelper: Packaging (HTML5):   LogPakFile: Display: Creating pak D:\Unreal Projects\portfolio-site\Unreal Project\Saved\StagedBuilds\HTML5\Portfolio\Content\Paks\Portfolio-HTML5.pak.
[2023.06.01-02.48.05:607][134]UATHelper: Packaging (HTML5):   LogPakFile: Display: Added 1305 files, 64791685 bytes total, time 0.71s.
[2023.06.01-02.48.05:607][134]UATHelper: Packaging (HTML5):   LogPakFile: Display: Encryption - DISABLED
[2023.06.01-02.48.05:607][134]UATHelper: Packaging (HTML5):   LogPakFile: Display: Unreal pak executed in 0.741702 seconds
[2023.06.01-02.48.05:608][134]UATHelper: Packaging (HTML5): UnrealPak terminated with exit code 0
[2023.06.01-02.48.05:945][135]UATHelper: Packaging (HTML5): Copying NonUFSFiles to staging directory: D:\Unreal Projects\portfolio-site\Unreal Project\Saved\StagedBuilds\HTML5
[2023.06.01-02.48.05:945][135]UATHelper: Packaging (HTML5): ********** STAGE COMMAND COMPLETED **********
[2023.06.01-02.48.05:945][135]UATHelper: Packaging (HTML5): ********** PACKAGE COMMAND STARTED **********
[2023.06.01-02.48.05:945][135]UATHelper: Packaging (HTML5): Package D:\Unreal Projects\portfolio-site\Unreal Project\Portfolio.uproject
[2023.06.01-02.48.05:945][135]UATHelper: Packaging (HTML5): Setting Emscripten SDK for packaging..
[2023.06.01-02.48.05:945][135]UATHelper: Packaging (HTML5): emcc ExitCode: 0
[2023.06.01-02.48.05:945][135]UATHelper: Packaging (HTML5): # Note: If you put paths relative to the home directory, do not forget
[2023.06.01-02.48.05:945][135]UATHelper: Packaging (HTML5): # os.path.expanduser
[2023.06.01-02.48.05:946][135]UATHelper: Packaging (HTML5): # Note: On Windows, remember to escape backslashes! I.e. PYTHON='c:\Python27\'
[2023.06.01-02.48.05:946][135]UATHelper: Packaging (HTML5): # is not valid, but PYTHON='c:\\Python27\\' and PYTHON='c:/Python27/'
[2023.06.01-02.48.05:946][135]UATHelper: Packaging (HTML5): # are.
[2023.06.01-02.48.05:946][135]UATHelper: Packaging (HTML5): import os
[2023.06.01-02.48.05:946][135]UATHelper: Packaging (HTML5): # This is used by external projects in order to find emscripten.  It is not used
[2023.06.01-02.48.05:946][135]UATHelper: Packaging (HTML5): # by emscripten itself.
[2023.06.01-02.48.05:946][135]UATHelper: Packaging (HTML5): EMSCRIPTEN_ROOT = os.path.expanduser(os.getenv('EMSCRIPTEN', 'D:\\Unreal\\UE_4.23\\Engine\\Extras\\ThirdPartyNotUE\\emsdk\\emscripten\\1.38.31')) # directory
[2023.06.01-02.48.05:946][135]UATHelper: Packaging (HTML5): LLVM_ROOT = os.path.expanduser(os.getenv('LLVM', 'D:\\Unreal\\UE_4.23\\Engine\\Extras\\ThirdPartyNotUE\\emsdk\\Win64\\clang\\e1.38.31_64bit')) # directory
[2023.06.01-02.48.05:946][135]UATHelper: Packaging (HTML5): BINARYEN_ROOT = 'D:\\Unreal\\UE_4.23\\Engine\\Extras\\ThirdPartyNotUE\\emsdk\\Win64\\clang\\e1.38.31_64bit\\binaryen'
[2023.06.01-02.48.05:946][135]UATHelper: Packaging (HTML5): # If not specified, defaults to sys.executable.
[2023.06.01-02.48.05:946][135]UATHelper: Packaging (HTML5): # PYTHON = 'python'
[2023.06.01-02.48.05:946][135]UATHelper: Packaging (HTML5): # Add this if you have manually built the JS optimizer executable (in
[2023.06.01-02.48.05:946][135]UATHelper: Packaging (HTML5): # Emscripten/tools/optimizer) and want to run it from a custom location.
[2023.06.01-02.48.05:946][135]UATHelper: Packaging (HTML5): # Alternatively, you can set this as the environment variable
[2023.06.01-02.48.05:946][135]UATHelper: Packaging (HTML5): EMSCRIPTEN_NATIVE_OPTIMIZER = 'D:\\Unreal\\UE_4.23\\Engine\\Extras\\ThirdPartyNotUE\\emsdk\\Win64\\clang\\e1.38.31_64bit\\optimizer.exe'
[2023.06.01-02.48.05:946][135]UATHelper: Packaging (HTML5): EMSCRIPTEN_NATIVE_OPTIMIZER = 'D:\\Unreal\\UE_4.23\\Engine\\Extras\\ThirdPartyNotUE\\emsdk\\Win64\\clang\\e1.38.31_64bit\\optimizer.exe'
[2023.06.01-02.48.05:946][135]UATHelper: Packaging (HTML5): # See below for notes on which JS engine(s) you need
[2023.06.01-02.48.05:946][135]UATHelper: Packaging (HTML5): NODE_JS = os.path.expanduser(os.getenv('NODE', 'D:\\Unreal\\UE_4.23\\Engine\\Extras\\ThirdPartyNotUE\\emsdk\\Win64\\node\\8.9.1_64bit\\bin\\node.exe')) # executable
[2023.06.01-02.48.05:946][135]UATHelper: Packaging (HTML5): SPIDERMONKEY_ENGINE = [os.path.expanduser(os.getenv('SPIDERMONKEY', 'js'))] # executable
[2023.06.01-02.48.05:946][135]UATHelper: Packaging (HTML5): V8_ENGINE = os.path.expanduser(os.getenv('V8', 'd8')) # executable
[2023.06.01-02.48.05:946][135]UATHelper: Packaging (HTML5): JAVA = 'java' # executable
[2023.06.01-02.48.05:946][135]UATHelper: Packaging (HTML5): TEMP_DIR = 'C:\\Users\\kingo\\AppData\\Local\\Temp'
[2023.06.01-02.48.05:946][135]UATHelper: Packaging (HTML5): # CLOSURE_COMPILER = '..' # define this to not use the bundled version
[2023.06.01-02.48.05:946][135]UATHelper: Packaging (HTML5): ################################################################################
[2023.06.01-02.48.05:946][135]UATHelper: Packaging (HTML5): # Pick the JS engine to use for running the compiler. This engine must exist, or
[2023.06.01-02.48.05:946][135]UATHelper: Packaging (HTML5): # nothing can be compiled.
[2023.06.01-02.48.05:946][135]UATHelper: Packaging (HTML5): #
[2023.06.01-02.48.05:946][135]UATHelper: Packaging (HTML5): # This should be left on node.js, as that is the VM we test running the
[2023.06.01-02.48.05:946][135]UATHelper: Packaging (HTML5): # compiler in. Other VMs may or may not work.
[2023.06.01-02.48.05:946][135]UATHelper: Packaging (HTML5): COMPILER_ENGINE = NODE_JS
[2023.06.01-02.48.05:946][135]UATHelper: Packaging (HTML5): # All JS engines to use when running the automatic tests. Not all the engines in
[2023.06.01-02.48.05:946][135]UATHelper: Packaging (HTML5): # this list must exist (if they don't, they will be skipped in the test runner).
[2023.06.01-02.48.05:946][135]UATHelper: Packaging (HTML5): #
[2023.06.01-02.48.05:946][135]UATHelper: Packaging (HTML5): # Recommendation: If you already have node installed, use that. If you can, also
[2023.06.01-02.48.05:946][135]UATHelper: Packaging (HTML5): #                 build spidermonkey from source as well to get more test
[2023.06.01-02.48.05:946][135]UATHelper: Packaging (HTML5): #                 coverage.
[2023.06.01-02.48.05:946][135]UATHelper: Packaging (HTML5): JS_ENGINES = [NODE_JS] # add this if you have spidermonkey installed too, SPIDERMONKEY_ENGINE]
[2023.06.01-02.48.05:946][135]UATHelper: Packaging (HTML5): # Other options
[2023.06.01-02.48.05:946][135]UATHelper: Packaging (HTML5): #
[2023.06.01-02.48.05:946][135]UATHelper: Packaging (HTML5): # FROZEN_CACHE = True # never clears the cache, and disallows building to the cache
[2023.06.01-02.48.05:946][135]UATHelper: Packaging (HTML5): HTML5Platform.Automation: Compressed = False
[2023.06.01-02.48.05:946][135]UATHelper: Packaging (HTML5): HTML5Platform.Automation: EnableIndexedDB = False
[2023.06.01-02.48.05:946][135]UATHelper: Packaging (HTML5): HTML5Platform.Automation: Multithreading = False
[2023.06.01-02.48.05:946][135]UATHelper: Packaging (HTML5): HTML5Platform.Automation: OffscreenCanvas = False
[2023.06.01-02.48.05:946][135]UATHelper: Packaging (HTML5): Running: D:\Unreal\UE_4.23\Engine\Extras\ThirdPartyNotUE\emsdk\Win64\python\2.7.13.1_64bit\python.exe "D:\Unreal\UE_4.23\Engine\Extras\ThirdPartyNotUE\emsdk\emscripten\1.38.31\tools\file_packager.py" "D:\Unreal Projects\portfolio-site\Unreal Project\Binaries\HTML5\Portfolio.data" --preload . --js-output="D:\Unreal Projects\portfolio-site\Unreal Project\Binaries\HTML5\Portfolio.data.js" --no-heap-copy
[2023.06.01-02.48.06:282][136]UATHelper: Packaging (HTML5):   Remember to build the main file with  -s FORCE_FILESYSTEM=1  so that it includes support for loading this file package
[2023.06.01-02.48.06:282][136]UATHelper: Packaging (HTML5): Took 0.1966567s to run python.exe, ExitCode=0
[2023.06.01-02.48.06:282][136]UATHelper: Packaging (HTML5): Build configuration is Development, so not compressing. Build Shipping configuration to compress files to save space.
[2023.06.01-02.48.06:282][136]UATHelper: Packaging (HTML5): ********** PACKAGE COMMAND COMPLETED **********
[2023.06.01-02.48.06:282][136]UATHelper: Packaging (HTML5): ********** ARCHIVE COMMAND STARTED **********
[2023.06.01-02.48.06:282][136]UATHelper: Packaging (HTML5): Archiving to D:/Packaged Unreal
[2023.06.01-02.48.06:282][136]UATHelper: Packaging (HTML5): ********** ARCHIVE COMMAND COMPLETED **********
[2023.06.01-02.48.06:282][136]UATHelper: Packaging (HTML5): BUILD SUCCESSFUL
[2023.06.01-02.48.06:282][136]UATHelper: Packaging (HTML5): AutomationTool exiting with ExitCode=0 (Success)
[2023.06.01-02.55.19:037][427]LogEditorSessionSummary: EditorSessionSummary sent report. Type=Shutdown, SessionId={E4195961-4F95-04A5-22DF-EA8DBEC6F47B}
